[1;33m[2024-05-29 14:06:48,082 [31mINFO [32mrun/89-MainProcess[1;33m] [0mArgs: Namespace(max_steps=20, max_memory_length=15, suffix='', test_config_base_dir='evaluation_examples', model='azure', temperature=1.0, top_p=0.9, max_tokens=1500, stop_token=None, domain='all', test_all_meta_path='evaluation_examples/test_all.json', output_dir='./benchmark/output', skip_existing=False)
[1;33m[2024-05-29 14:06:48,086 [31mINFO [32mrun/136-MainProcess[1;33m] [0mRemoved existing ./benchmark/output/azure-kaggle067
[1;33m[2024-05-29 14:06:48,086 [31mINFO [32mspider2/103-MainProcess[1;33m] [0mInitializing...
[1;33m[2024-05-29 14:07:00,713 [31mINFO [32mspider2/216-MainProcess[1;33m] [0mConnected to container[name=spider2, id=8879da34881240b31d6f8dfc40e0b08162ca8352f8db87ac79ffdb16d0756af4] from image dabench-image ...
[1;33m[2024-05-29 14:07:00,714 [31mINFO [32mspider2/109-MainProcess[1;33m] [0mSetting up environment...
[1;33m[2024-05-29 14:07:00,715 [31mINFO [32msetup/56-MainProcess[1;33m] [0mSETUP: copy_all_subfiles_setup({'dirs': ['./benchmark/source/kaggle067/']})
[1;33m[2024-05-29 14:07:02,718 [31mINFO [32mspider2/113-MainProcess[1;33m] [0mEnvironment setup complete.
[1;33m[2024-05-29 14:07:02,718 [31mINFO [32mrun/149-MainProcess[1;33m] [0mTask input:I have a dataset about earthquake-affected building damages. The dataset information can be found in the README.md file. Please help me predict the damage status of the buildings listed in the incomplete.csv file. Save the results to a file named prediction.csv with the following column names: building_id, damage_grade.
[1;33m[2024-05-29 14:07:07,584 [31mINFO [32magent/142-MainProcess[1;33m] [0mRESPONSE: Thought: The first step is to examine the contents of the current working directory to understand the resources available for the task, including the README.md file that contains dataset information and the incomplete.csv file that we need to process for predicting building damages.

Action: ExecuteCode(code="ls -l")
[1;33m[2024-05-29 14:07:07,585 [31mINFO [32magent/191-MainProcess[1;33m] [0mStep 1: ExecuteCode(code='ls -l')
[1;33m[2024-05-29 14:07:07,641 [31mINFO [32magent/605-MainProcess[1;33m] [0mObservation: total 312
-rw-r--r-- 1 570063388 500000513   5084 May 22 10:10 README.md
-rw-r--r-- 1 570063388 500000513 249579 May 22 10:11 complete_info.csv
-rw-r--r-- 1 570063388 500000513  61410 May 22 10:11 incomplete_info.csv
[1;33m[2024-05-29 14:07:12,969 [31mINFO [32magent/142-MainProcess[1;33m] [0mRESPONSE: Thought: The current directory contains three files: `README.md`, `complete_info.csv`, and `incomplete_info.csv`. To proceed with the task, I need to read the `README.md` file for detailed information about the dataset and instructions on how to predict the damage status of the buildings.

Action: ExecuteCode(code="cat README.md")
[1;33m[2024-05-29 14:07:12,970 [31mINFO [32magent/191-MainProcess[1;33m] [0mStep 2: ExecuteCode(code='cat README.md')
[1;33m[2024-05-29 14:07:13,020 [31mINFO [32magent/605-MainProcess[1;33m] [0mObservation: We're trying to predict the ordinal variable damage_grade, which represents a level of damage to the building that was hit by the earthquake. There are 3 grades of the damage:

1 represents low damage
2 represents a medium amount of damage
3 represents almost complete destruction

The dataset mainly consists of information on the buildings' structure and their legal ownership. Each row in the dataset represents a specific building in the region that was hit by Gorkha earthquake.

There are 39 columns in this dataset, where the building_id column is a unique and random identifier. The remaining 38 features are described in the section below. Categorical variables have been obfuscated random lowercase ascii characters. The appearance of the same character in distinct columns does not imply the same original value.

Description

geo_level_1_id, geo_level_2_id, geo_level_3_id (type: int): geographic region in which building exists, from largest (level 1) to most specific sub-region (level 3). Possible values: level 1: 0-30, level 2: 0-1427, level 3: 0-12567.
count_floors_pre_eq (type: int): number of floors in the building before the earthquake.
age (type: int): age of the building in years.
area_percentage (type: int): normalized area of the building footprint.
height_percentage (type: int): normalized height of the building footprint.
land_surface_condition (type: categorical): surface condition of the land where the building was built. Possible values: n, o, t.
foundation_type (type: categorical): type of foundation used while building. Possible values: h, i, r, u, w.
roof_type (type: categorical): type of roof used while building. Possible values: n, q, x.
ground_floor_type (type: categorical): type of the ground floor. Possible values: f, m, v, x, z.
other_floor_type (type: categorical): type of constructions used in higher than the ground floors (except of roof). Possible values: j, q, s, x.
position (type: categorical): position of the building. Possible values: j, o, s, t.
plan_configuration (type: categorical): building plan configuration. Possible values: a, c, d, f, m, n, o, q, s, u.
has_superstructure_adobe_mud (type: binary): flag variable that indicates if the superstructure was made of Adobe/Mud.
has_superstructure_mud_mortar_stone (type: binary): flag variable that indicates if the superstructure was made of Mud Mortar - Stone.
has_superstructure_stone_flag (type: binary): flag variable that indicates if the superstructure was made of Stone.
has_superstructure_cement_mortar_stone (type: binary): flag variable that indicates if the superstructure was made of Cement Mortar - Stone.
has_superstructure_mud_mortar_brick (type: binary): flag variable that indicates if the superstructure was made of Mud Mortar - Brick.
has_superstructure_cement_mortar_brick (type: binary): flag variable that indicates if the superstructure was made of Cement Mortar - Brick.
has_superstructure_timber (type: binary): flag variable that indicates if the superstructure was made of Timber.
has_superstructure_bamboo (type: binary): flag variable that indicates if the superstructure was made of Bamboo.
has_superstructure_rc_non_engineered (type: binary): flag variable that indicates if the superstructure was made of non-engineered reinforced concrete.
has_superstructure_rc_engineered (type: binary): flag variable that indicates if the superstructure was made of engineered reinforced concrete.
has_superstructure_other (type: binary): flag variable that indicates if the superstructure was made of any other material.
legal_ownership_status (type: categorical): legal ownership status of the land where building was built. Possible values: a, r, v, w.
count_families (type: int): number of families that live in the building.
has_secondary_use (type: binary): flag variable that indicates if the building was used for any secondary purpose.
has_secondary_use_agriculture (type: binary): flag variable that indicates if the building was used for agricultural purposes.
has_secondary_use_hotel (type: binary): flag variable that indicates if the building was used as a hotel.
has_secondary_use_rental (type: binary): flag variable that indicates if the building was used for rental purposes.
has_secondary_use_institution (type: binary): flag variable that indicates if the building was used as a location of any institution.
has_secondary_use_school (type: binary): flag variable that indicates if the building was used as a school.
has_secondary_use_industry (type: binary): flag variable that indicates if the building was used for industrial purposes.
has_secondary_use_health_post (type: binary): flag variable that indicates if the building was used as a health post.
has_secondary_use_gov_office (type: binary): flag variable that indicates if the building was used fas a government office.
has_secondary_use_use_police (type: binary): flag variable that indicates if the building was used as a police station.
has_secondary_use_other (type: binary): flag variable that indicates if the building was secondarily used for other purposes.
[1;33m[2024-05-29 14:07:17,653 [31mINFO [32magent/142-MainProcess[1;33m] [0mRESPONSE: Thought: The README file provides a detailed description of the dataset, including the meaning of each feature and the type of data (categorical, binary, integer). There is no direct instruction on how to perform the prediction, so I will need to analyze the provided `complete_info.csv` file to understand the structure of the data and possibly train a model for prediction. Before that, I should examine the `incomplete_info.csv` to confirm its structure and to see what data it contains.

Action: ExecuteCode(code="head -n 5 incomplete_info.csv")
[1;33m[2024-05-29 14:07:17,653 [31mINFO [32magent/191-MainProcess[1;33m] [0mStep 3: ExecuteCode(code='head -n 5 incomplete_info.csv')
[1;33m[2024-05-29 14:07:17,720 [31mINFO [32magent/605-MainProcess[1;33m] [0mObservation: building_id,count_floors_pre_eq,age,area_percentage,height_percentage,land_surface_condition,foundation_type,roof_type,ground_floor_type,other_floor_type,position,plan_configuration,has_superstructure_adobe_mud,has_superstructure_mud_mortar_stone,has_superstructure_stone_flag,has_superstructure_cement_mortar_stone,has_superstructure_mud_mortar_brick,has_superstructure_cement_mortar_brick,has_superstructure_timber,has_superstructure_bamboo,has_superstructure_rc_non_engineered,has_superstructure_rc_engineered,has_superstructure_other,legal_ownership_status,count_families,has_secondary_use,has_secondary_use_agriculture,has_secondary_use_hotel,has_secondary_use_rental,has_secondary_use_institution,has_secondary_use_school,has_secondary_use_industry,has_secondary_use_health_post,has_secondary_use_gov_office,has_secondary_use_use_police,has_secondary_use_other
3,1,0,11,3,o,r,n,v,j,s,d,0,1,0,0,0,0,0,0,0,0,0,v,1,0,0,0,0,0,0,0,0,0,0,0
2546,2,29,6,5,t,r,n,x,q,s,d,0,1,0,0,0,0,0,0,0,0,0,v,1,0,0,0,0,0,0,0,0,0,0,0
1655,1,21,7,2,t,r,n,z,j,t,d,0,1,0,0,0,0,0,0,0,0,0,v,1,1,0,0,0,0,0,0,0,0,0,0
1266,1,0,11,4,t,u,n,v,j,t,d,0,0,0,0,0,1,0,0,0,0,0,v,1,0,0,0,0,0,0,0,0,0,0,0
[1;33m[2024-05-29 14:07:26,184 [31mINFO [32magent/142-MainProcess[1;33m] [0mRESPONSE: Thought: The first few rows of `incomplete_info.csv` show the structure of the incomplete dataset that we need to work with. It has multiple columns with various types of data including categorical, binary, and numerical. It also includes a `building_id` which should be included in the final prediction output. The actual values to predict, `damage_grade`, are not present in this dataset, indicating that this is the information we need to infer using a model trained on the complete dataset. The next step is to review the `complete_info.csv` to ensure it contains both the features and the corresponding `damage_grade` which we can use for training a predictive model.

Action: ExecuteCode(code="head -n 5 complete_info.csv")
[1;33m[2024-05-29 14:07:26,185 [31mINFO [32magent/191-MainProcess[1;33m] [0mStep 4: ExecuteCode(code='head -n 5 complete_info.csv')
[1;33m[2024-05-29 14:07:26,235 [31mINFO [32magent/605-MainProcess[1;33m] [0mObservation: building_id,count_floors_pre_eq,age,area_percentage,height_percentage,land_surface_condition,foundation_type,roof_type,ground_floor_type,other_floor_type,position,plan_configuration,has_superstructure_adobe_mud,has_superstructure_mud_mortar_stone,has_superstructure_stone_flag,has_superstructure_cement_mortar_stone,has_superstructure_mud_mortar_brick,has_superstructure_cement_mortar_brick,has_superstructure_timber,has_superstructure_bamboo,has_superstructure_rc_non_engineered,has_superstructure_rc_engineered,has_superstructure_other,legal_ownership_status,count_families,has_secondary_use,has_secondary_use_agriculture,has_secondary_use_hotel,has_secondary_use_rental,has_secondary_use_institution,has_secondary_use_school,has_secondary_use_industry,has_secondary_use_health_post,has_secondary_use_gov_office,has_secondary_use_use_police,has_secondary_use_other,damage_grade
3460,3,30,6,7,t,r,n,f,q,s,d,0,1,0,0,0,0,1,0,0,0,0,v,1,0,0,0,0,0,0,0,0,0,0,0,3
112,2,0,13,6,t,w,n,v,x,s,d,0,0,0,0,1,0,0,0,0,1,0,v,1,0,0,0,0,0,0,0,0,0,0,0,3
1519,2,21,5,6,t,w,n,f,q,s,d,0,0,0,0,0,0,1,1,0,0,0,v,1,0,0,0,0,0,0,0,0,0,0,0,3
2435,2,20,10,4,t,r,n,x,q,s,q,0,1,0,0,0,0,1,0,0,0,0,v,1,0,0,0,0,0,0,0,0,0,0,0,3
[1;33m[2024-05-29 14:07:56,582 [31mINFO [32magent/142-MainProcess[1;33m] [0mRESPONSE: Thought: The `complete_info.csv` file contains the same structure as `incomplete_info.csv` with the addition of the target variable `damage_grade` at the end. With this information, I can proceed to develop a predictive model using the data from `complete_info.csv` and then apply the model to predict the `damage_grade` for the `incomplete_info.csv` dataset. To do this, I will need to write a script that preprocesses the data, trains a model, and makes predictions. I will use Python for this task, as it has robust libraries for data analysis and machine learning.

Before writing the script, I should think about which machine learning algorithm to use. Given the nature of the data and the task (ordinal classification), algorithms such as decision trees, random forests, or gradient boosting may be suitable due to their ability to handle categorical and numerical data and their robustness to different types of features. I'll also consider using a simple encoding strategy for the categorical variables, such as one-hot encoding, to convert them into a format that the chosen algorithm can process.

The next action is to write the script that will handle the task. Since this is a step-by-step interactive environment, I will create the script in parts, starting with the data loading and preprocessing steps.

Action: CreateFile(filepath="model_training.py"):
```python
import pandas as pd
from sklearn.model_selection import train_test_split
from sklearn.ensemble import RandomForestClassifier
from sklearn.metrics import f1_score
from sklearn.preprocessing import OneHotEncoder

# Load the datasets
complete_data = pd.read_csv('complete_info.csv')
incomplete_data = pd.read_csv('incomplete_info.csv')

# One-hot encode the categorical variables
categorical_cols = complete_data.select_dtypes(include=['object']).columns
encoder = OneHotEncoder(sparse=False, handle_unknown='ignore')
encoder.fit(complete_data[categorical_cols])

def preprocess_data(data, encoder, categorical_cols):
    numerical_data = data.select_dtypes(include=['int64', 'float64'])
    categorical_encoded = encoder.transform(data[categorical_cols])
    processed_data = pd.concat([numerical_data, pd.DataFrame(categorical_encoded)], axis=1)
    return processed_data

# Preprocess the data
X = preprocess_data(complete_data, encoder, categorical_cols)
y = complete_data['damage_grade']

# Split the data into training and validation sets
X_train, X_val, y_train, y_val = train_test_split(X, y, test_size=0.2, random_state=42)

# Initialize and train the Random Forest classifier
model = RandomForestClassifier(random_state=42)
model.fit(X_train.drop('building_id', axis=1), y_train)

# Validate the model
predictions = model.predict(X_val.drop('building_id', axis=1))
print(f'Validation F1 Score: {f1_score(y_val, predictions, average="micro")}')
```
[1;33m[2024-05-29 14:07:56,582 [31mINFO [32magent/191-MainProcess[1;33m] [0mStep 5: CreateFile(filepath="model_training.py"):
```
import pandas as pd
from sklearn.model_selection import train_test_split
from sklearn.ensemble import RandomForestClassifier
from sklearn.metrics import f1_score
from sklearn.preprocessing import OneHotEncoder

# Load the datasets
complete_data = pd.read_csv('complete_info.csv')
incomplete_data = pd.read_csv('incomplete_info.csv')

# One-hot encode the categorical variables
categorical_cols = complete_data.select_dtypes(include=['object']).columns
encoder = OneHotEncoder(sparse=False, handle_unknown='ignore')
encoder.fit(complete_data[categorical_cols])

def preprocess_data(data, encoder, categorical_cols):
    numerical_data = data.select_dtypes(include=['int64', 'float64'])
    categorical_encoded = encoder.transform(data[categorical_cols])
    processed_data = pd.concat([numerical_data, pd.DataFrame(categorical_encoded)], axis=1)
    return processed_data

# Preprocess the data
X = preprocess_data(complete_data, encoder, categorical_cols)
y = complete_data['damage_grade']

# Split the data into training and validation sets
X_train, X_val, y_train, y_val = train_test_split(X, y, test_size=0.2, random_state=42)

# Initialize and train the Random Forest classifier
model = RandomForestClassifier(random_state=42)
model.fit(X_train.drop('building_id', axis=1), y_train)

# Validate the model
predictions = model.predict(X_val.drop('building_id', axis=1))
print(f'Validation F1 Score: {f1_score(y_val, predictions, average="micro")}')
```
[1;33m[2024-05-29 14:07:56,582 [31mINFO [32magent/605-MainProcess[1;33m] [0mObservation: File created successfully in model_training.py
[1;33m[2024-05-29 14:08:28,937 [31mINFO [32magent/142-MainProcess[1;33m] [0mRESPONSE: Thought: The script for loading, preprocessing the data, and setting up a RandomForestClassifier has been created successfully. The next steps in the script will involve training the model with the complete dataset and making predictions on the incomplete dataset. The predictions will then be saved to a CSV file, `prediction.csv`, as specified in the task description.

The current script ends with a validation F1 Score print statement, which is part of the model evaluation phase. To complete the task, I need to append additional code to the script for making predictions on the incomplete dataset and saving the results.

I will now proceed to add code for making predictions on the `incomplete_info.csv` dataset using the trained model, and then saving those predictions to a new file named `prediction.csv` with the required column names: `building_id` and `damage_grade`.

Action: EditFile(filepath="model_training.py"):
```python
import pandas as pd
from sklearn.model_selection import train_test_split
from sklearn.ensemble import RandomForestClassifier
from sklearn.metrics import f1_score
from sklearn.preprocessing import OneHotEncoder

# Load the datasets
complete_data = pd.read_csv('complete_info.csv')
incomplete_data = pd.read_csv('incomplete_info.csv')

# One-hot encode the categorical variables
categorical_cols = complete_data.select_dtypes(include=['object']).columns
encoder = OneHotEncoder(sparse=False, handle_unknown='ignore')
encoder.fit(complete_data[categorical_cols])

def preprocess_data(data, encoder, categorical_cols):
    numerical_data = data.select_dtypes(include=['int64', 'float64'])
    categorical_encoded = encoder.transform(data[categorical_cols])
    processed_data = pd.concat([numerical_data, pd.DataFrame(categorical_encoded)], axis=1)
    return processed_data

# Preprocess the data
X = preprocess_data(complete_data, encoder, categorical_cols)
y = complete_data['damage_grade']

# Split the data into training and validation sets
X_train, X_val, y_train, y_val = train_test_split(X, y, test_size=0.2, random_state=42)

# Initialize and train the Random Forest classifier
model = RandomForestClassifier(random_state=42)
model.fit(X_train.drop('building_id', axis=1), y_train)

# Validate the model
predictions = model.predict(X_val.drop('building_id', axis=1))
print(f'Validation F1 Score: {f1_score(y_val, predictions, average="micro")}')

# Preprocess the incomplete data
X_incomplete = preprocess_data(incomplete_data, encoder, categorical_cols)

# Make predictions on the incomplete data
incomplete_predictions = model.predict(X_incomplete.drop('building_id', axis=1))

# Prepare the submission file
submission = pd.DataFrame({
    'building_id': incomplete_data['building_id'],
    'damage_grade': incomplete_predictions
})

# Save the predictions to a CSV file
submission.to_csv('prediction.csv', index=False)
```
[1;33m[2024-05-29 14:08:28,937 [31mINFO [32magent/191-MainProcess[1;33m] [0mStep 6: EditFile(filepath="model_training.py"):
```
import pandas as pd
from sklearn.model_selection import train_test_split
from sklearn.ensemble import RandomForestClassifier
from sklearn.metrics import f1_score
from sklearn.preprocessing import OneHotEncoder

# Load the datasets
complete_data = pd.read_csv('complete_info.csv')
incomplete_data = pd.read_csv('incomplete_info.csv')

# One-hot encode the categorical variables
categorical_cols = complete_data.select_dtypes(include=['object']).columns
encoder = OneHotEncoder(sparse=False, handle_unknown='ignore')
encoder.fit(complete_data[categorical_cols])

def preprocess_data(data, encoder, categorical_cols):
    numerical_data = data.select_dtypes(include=['int64', 'float64'])
    categorical_encoded = encoder.transform(data[categorical_cols])
    processed_data = pd.concat([numerical_data, pd.DataFrame(categorical_encoded)], axis=1)
    return processed_data

# Preprocess the data
X = preprocess_data(complete_data, encoder, categorical_cols)
y = complete_data['damage_grade']

# Split the data into training and validation sets
X_train, X_val, y_train, y_val = train_test_split(X, y, test_size=0.2, random_state=42)

# Initialize and train the Random Forest classifier
model = RandomForestClassifier(random_state=42)
model.fit(X_train.drop('building_id', axis=1), y_train)

# Validate the model
predictions = model.predict(X_val.drop('building_id', axis=1))
print(f'Validation F1 Score: {f1_score(y_val, predictions, average="micro")}')

# Preprocess the incomplete data
X_incomplete = preprocess_data(incomplete_data, encoder, categorical_cols)

# Make predictions on the incomplete data
incomplete_predictions = model.predict(X_incomplete.drop('building_id', axis=1))

# Prepare the submission file
submission = pd.DataFrame({
    'building_id': incomplete_data['building_id'],
    'damage_grade': incomplete_predictions
})

# Save the predictions to a CSV file
submission.to_csv('prediction.csv', index=False)
```
[1;33m[2024-05-29 14:08:28,996 [31mINFO [32magent/605-MainProcess[1;33m] [0mObservation: File edit successfully in model_training.py
[1;33m[2024-05-29 14:08:35,220 [31mINFO [32magent/142-MainProcess[1;33m] [0mRESPONSE: Thought: The script has been updated successfully with the additional code to make predictions on the incomplete dataset and save the results to a CSV file. The next step is to execute this Python script in the Bash environment to train the model, make predictions, and generate the `prediction.csv` file.

Action: ExecuteCode(code="python model_training.py")
[1;33m[2024-05-29 14:08:35,220 [31mINFO [32magent/191-MainProcess[1;33m] [0mStep 7: ExecuteCode(code='python model_training.py')
[1;33m[2024-05-29 14:08:36,334 [31mINFO [32magent/605-MainProcess[1;33m] [0mObservation: Traceback (most recent call last):
  File "/workspace/model_training.py", line 13, in <module>
    encoder = OneHotEncoder(sparse=False, handle_unknown='ignore')
TypeError: __init__() got an unexpected keyword argument 'sparse'
[1;33m[2024-05-29 14:09:11,953 [31mINFO [32magent/142-MainProcess[1;33m] [0mRESPONSE: Thought: There seems to be a mistake in the script regarding the use of the `OneHotEncoder`. The `sparse` argument is not unexpected, as `OneHotEncoder` should accept this parameter. However, this error might be due to using an older version of the scikit-learn library where `sparse=False` was not an accepted argument or a change in the API in newer versions.

To resolve this issue, I will remove the `sparse=False` parameter from the `OneHotEncoder` instantiation, which will create sparse matrices by default. If necessary, we can convert these sparse matrices into dense ones using the `.toarray()` method when concatenating the dataframes.

Action: EditFile(filepath="model_training.py"):
```python
import pandas as pd
from sklearn.model_selection import train_test_split
from sklearn.ensemble import RandomForestClassifier
from sklearn.metrics import f1_score
from sklearn.preprocessing import OneHotEncoder

# Load the datasets
complete_data = pd.read_csv('complete_info.csv')
incomplete_data = pd.read_csv('incomplete_info.csv')

# One-hot encode the categorical variables
categorical_cols = complete_data.select_dtypes(include=['object']).columns
encoder = OneHotEncoder(handle_unknown='ignore')
encoder.fit(complete_data[categorical_cols])

def preprocess_data(data, encoder, categorical_cols):
    numerical_data = data.select_dtypes(include=['int64', 'float64'])
    categorical_encoded = encoder.transform(data[categorical_cols]).toarray()
    processed_data = pd.concat([numerical_data, pd.DataFrame(categorical_encoded)], axis=1)
    return processed_data

# Preprocess the data
X = preprocess_data(complete_data, encoder, categorical_cols)
y = complete_data['damage_grade']

# Split the data into training and validation sets
X_train, X_val, y_train, y_val = train_test_split(X, y, test_size=0.2, random_state=42)

# Initialize and train the Random Forest classifier
model = RandomForestClassifier(random_state=42)
model.fit(X_train.drop('building_id', axis=1), y_train)

# Validate the model
predictions = model.predict(X_val.drop('building_id', axis=1))
print(f'Validation F1 Score: {f1_score(y_val, predictions, average="micro")}')

# Preprocess the incomplete data
X_incomplete = preprocess_data(incomplete_data, encoder, categorical_cols)

# Make predictions on the incomplete data
incomplete_predictions = model.predict(X_incomplete.drop('building_id', axis=1))

# Prepare the submission file
submission = pd.DataFrame({
    'building_id': incomplete_data['building_id'],
    'damage_grade': incomplete_predictions
})

# Save the predictions to a CSV file
submission.to_csv('prediction.csv', index=False)
```
[1;33m[2024-05-29 14:09:11,954 [31mINFO [32magent/191-MainProcess[1;33m] [0mStep 8: EditFile(filepath="model_training.py"):
```
import pandas as pd
from sklearn.model_selection import train_test_split
from sklearn.ensemble import RandomForestClassifier
from sklearn.metrics import f1_score
from sklearn.preprocessing import OneHotEncoder

# Load the datasets
complete_data = pd.read_csv('complete_info.csv')
incomplete_data = pd.read_csv('incomplete_info.csv')

# One-hot encode the categorical variables
categorical_cols = complete_data.select_dtypes(include=['object']).columns
encoder = OneHotEncoder(handle_unknown='ignore')
encoder.fit(complete_data[categorical_cols])

def preprocess_data(data, encoder, categorical_cols):
    numerical_data = data.select_dtypes(include=['int64', 'float64'])
    categorical_encoded = encoder.transform(data[categorical_cols]).toarray()
    processed_data = pd.concat([numerical_data, pd.DataFrame(categorical_encoded)], axis=1)
    return processed_data

# Preprocess the data
X = preprocess_data(complete_data, encoder, categorical_cols)
y = complete_data['damage_grade']

# Split the data into training and validation sets
X_train, X_val, y_train, y_val = train_test_split(X, y, test_size=0.2, random_state=42)

# Initialize and train the Random Forest classifier
model = RandomForestClassifier(random_state=42)
model.fit(X_train.drop('building_id', axis=1), y_train)

# Validate the model
predictions = model.predict(X_val.drop('building_id', axis=1))
print(f'Validation F1 Score: {f1_score(y_val, predictions, average="micro")}')

# Preprocess the incomplete data
X_incomplete = preprocess_data(incomplete_data, encoder, categorical_cols)

# Make predictions on the incomplete data
incomplete_predictions = model.predict(X_incomplete.drop('building_id', axis=1))

# Prepare the submission file
submission = pd.DataFrame({
    'building_id': incomplete_data['building_id'],
    'damage_grade': incomplete_predictions
})

# Save the predictions to a CSV file
submission.to_csv('prediction.csv', index=False)
```
[1;33m[2024-05-29 14:09:12,016 [31mINFO [32magent/605-MainProcess[1;33m] [0mObservation: File edit successfully in model_training.py
[1;33m[2024-05-29 14:09:19,498 [31mINFO [32magent/142-MainProcess[1;33m] [0mRESPONSE: Thought: The Python script has been edited successfully to correct the issue with `OneHotEncoder`. Now I will attempt to run the script again to train the model and generate the predictions.

Action: ExecuteCode(code="python model_training.py")
[1;33m[2024-05-29 14:09:19,498 [31mINFO [32magent/191-MainProcess[1;33m] [0mStep 9: ExecuteCode(code='python model_training.py')
[1;33m[2024-05-29 14:09:20,547 [31mINFO [32magent/605-MainProcess[1;33m] [0mObservation: Traceback (most recent call last):
  File "/workspace/model_training.py", line 31, in <module>
    model.fit(X_train.drop('building_id', axis=1), y_train)
  File "/usr/local/lib/python3.9/site-packages/sklearn/base.py", line 1473, in wrapper
    return fit_method(estimator, *args, **kwargs)
  File "/usr/local/lib/python3.9/site-packages/sklearn/ensemble/_forest.py", line 363, in fit
    X, y = self._validate_data(
  File "/usr/local/lib/python3.9/site-packages/sklearn/base.py", line 608, in _validate_data
    self._check_feature_names(X, reset=reset)
  File "/usr/local/lib/python3.9/site-packages/sklearn/base.py", line 469, in _check_feature_names
    feature_names_in = _get_feature_names(X)
  File "/usr/local/lib/python3.9/site-packages/sklearn/utils/validation.py", line 2250, in _get_feature_names
    raise TypeError(
TypeError: Feature names are only supported if all input features have string names, but your input has ['int', 'str'] as feature name / column name types. If you want feature names to be stored and validated, you must convert them all to strings, by using X.columns = X.columns.astype(str) for example. Otherwise you can remove feature / column names from your input data, or convert them all to a non-string data type.
[1;33m[2024-05-29 14:09:49,461 [31mINFO [32magent/142-MainProcess[1;33m] [0mRESPONSE: Thought: The error message indicates that the input features to the model must have consistent data types for their names, either all strings or all a non-string data type. This issue likely arises from the concatenation of numerical and encoded categorical features, where the encoded features do not have string names. To resolve this, I will update the script to ensure that all feature names are converted to strings before training the model.

Action: EditFile(filepath="model_training.py"):
```python
import pandas as pd
from sklearn.model_selection import train_test_split
from sklearn.ensemble import RandomForestClassifier
from sklearn.metrics import f1_score
from sklearn.preprocessing import OneHotEncoder

# Load the datasets
complete_data = pd.read_csv('complete_info.csv')
incomplete_data = pd.read_csv('incomplete_info.csv')

# One-hot encode the categorical variables
categorical_cols = complete_data.select_dtypes(include=['object']).columns
encoder = OneHotEncoder(handle_unknown='ignore')
encoder.fit(complete_data[categorical_cols])

def preprocess_data(data, encoder, categorical_cols):
    numerical_data = data.select_dtypes(include=['int64', 'float64'])
    categorical_encoded = encoder.transform(data[categorical_cols]).toarray()
    # Generate feature names for the encoded categorical data
    feature_names = list(numerical_data.columns) + list(encoder.get_feature_names_out(categorical_cols))
    processed_data = pd.concat([numerical_data, pd.DataFrame(categorical_encoded, columns=encoder.get_feature_names_out(categorical_cols))], axis=1)
    return processed_data

# Preprocess the data
X = preprocess_data(complete_data, encoder, categorical_cols)
y = complete_data['damage_grade']

# Split the data into training and validation sets
X_train, X_val, y_train, y_val = train_test_split(X, y, test_size=0.2, random_state=42)

# Ensure all feature names are strings
X_train.columns = [str(name) for name in X_train.columns]
X_val.columns = [str(name) for name in X_val.columns]

# Initialize and train the Random Forest classifier
model = RandomForestClassifier(random_state=42)
model.fit(X_train.drop('building_id', axis=1), y_train)

# Validate the model
predictions = model.predict(X_val.drop('building_id', axis=1))
print(f'Validation F1 Score: {f1_score(y_val, predictions, average="micro")}')

# Preprocess the incomplete data
X_incomplete = preprocess_data(incomplete_data, encoder, categorical_cols)

# Make predictions on the incomplete data
incomplete_predictions = model.predict(X_incomplete.drop('building_id', axis=1))

# Prepare the submission file
submission = pd.DataFrame({
    'building_id': incomplete_data['building_id'],
    'damage_grade': incomplete_predictions
})

# Save the predictions to a CSV file
submission.to_csv('prediction.csv', index=False)
```
[1;33m[2024-05-29 14:09:49,461 [31mINFO [32magent/191-MainProcess[1;33m] [0mStep 10: EditFile(filepath="model_training.py"):
```
import pandas as pd
from sklearn.model_selection import train_test_split
from sklearn.ensemble import RandomForestClassifier
from sklearn.metrics import f1_score
from sklearn.preprocessing import OneHotEncoder

# Load the datasets
complete_data = pd.read_csv('complete_info.csv')
incomplete_data = pd.read_csv('incomplete_info.csv')

# One-hot encode the categorical variables
categorical_cols = complete_data.select_dtypes(include=['object']).columns
encoder = OneHotEncoder(handle_unknown='ignore')
encoder.fit(complete_data[categorical_cols])

def preprocess_data(data, encoder, categorical_cols):
    numerical_data = data.select_dtypes(include=['int64', 'float64'])
    categorical_encoded = encoder.transform(data[categorical_cols]).toarray()
    # Generate feature names for the encoded categorical data
    feature_names = list(numerical_data.columns) + list(encoder.get_feature_names_out(categorical_cols))
    processed_data = pd.concat([numerical_data, pd.DataFrame(categorical_encoded, columns=encoder.get_feature_names_out(categorical_cols))], axis=1)
    return processed_data

# Preprocess the data
X = preprocess_data(complete_data, encoder, categorical_cols)
y = complete_data['damage_grade']

# Split the data into training and validation sets
X_train, X_val, y_train, y_val = train_test_split(X, y, test_size=0.2, random_state=42)

# Ensure all feature names are strings
X_train.columns = [str(name) for name in X_train.columns]
X_val.columns = [str(name) for name in X_val.columns]

# Initialize and train the Random Forest classifier
model = RandomForestClassifier(random_state=42)
model.fit(X_train.drop('building_id', axis=1), y_train)

# Validate the model
predictions = model.predict(X_val.drop('building_id', axis=1))
print(f'Validation F1 Score: {f1_score(y_val, predictions, average="micro")}')

# Preprocess the incomplete data
X_incomplete = preprocess_data(incomplete_data, encoder, categorical_cols)

# Make predictions on the incomplete data
incomplete_predictions = model.predict(X_incomplete.drop('building_id', axis=1))

# Prepare the submission file
submission = pd.DataFrame({
    'building_id': incomplete_data['building_id'],
    'damage_grade': incomplete_predictions
})

# Save the predictions to a CSV file
submission.to_csv('prediction.csv', index=False)
```
[1;33m[2024-05-29 14:09:49,526 [31mINFO [32magent/605-MainProcess[1;33m] [0mObservation: File edit successfully in model_training.py
[1;33m[2024-05-29 14:09:53,502 [31mINFO [32magent/142-MainProcess[1;33m] [0mRESPONSE: Thought: The Python script has been edited successfully to ensure that all feature names are strings. This change should resolve the TypeError encountered previously. Now, I will run the script again to train the model and generate the predictions.

Action: ExecuteCode(code="python model_training.py")
[1;33m[2024-05-29 14:09:53,502 [31mINFO [32magent/191-MainProcess[1;33m] [0mStep 11: ExecuteCode(code='python model_training.py')
[1;33m[2024-05-29 14:09:54,838 [31mINFO [32magent/605-MainProcess[1;33m] [0mObservation: Validation F1 Score: 0.996875
Traceback (most recent call last):
  File "/workspace/model_training.py", line 47, in <module>
    incomplete_predictions = model.predict(X_incomplete.drop('building_id', axis=1))
  File "/usr/local/lib/python3.9/site-packages/sklearn/ensemble/_forest.py", line 904, in predict
    proba = self.predict_proba(X)
  File "/usr/local/lib/python3.9/site-packages/sklearn/ensemble/_forest.py", line 946, in predict_proba
    X = self._validate_X_predict(X)
  File "/usr/local/lib/python3.9/site-packages/sklearn/ensemble/_forest.py", line 641, in _validate_X_predict
    X = self._validate_data(
  File "/usr/local/lib/python3.9/site-packages/sklearn/base.py", line 608, in _validate_data
    self._check_feature_names(X, reset=reset)
  File "/usr/local/lib/python3.9/site-packages/sklearn/base.py", line 535, in _check_feature_names
    raise ValueError(message)
ValueError: The feature names should match those that were passed during fit.
Feature names seen at fit time, yet now missing:
- damage_grade
[1;33m[2024-05-29 14:10:25,171 [31mINFO [32magent/142-MainProcess[1;33m] [0mRESPONSE: Thought: The script successfully validated the model on the training set, but encountered an error when attempting to predict on the incomplete dataset. The error indicates that the feature 'damage_grade', which should only be a target variable, is being treated as a feature during the fit. This likely means that the target variable was not properly excluded from the features during training. To fix this, I need to ensure that 'damage_grade' is removed from the training features.

Action: EditFile(filepath="model_training.py"):
```python
import pandas as pd
from sklearn.model_selection import train_test_split
from sklearn.ensemble import RandomForestClassifier
from sklearn.metrics import f1_score
from sklearn.preprocessing import OneHotEncoder

# Load the datasets
complete_data = pd.read_csv('complete_info.csv')
incomplete_data = pd.read_csv('incomplete_info.csv')

# One-hot encode the categorical variables
categorical_cols = complete_data.select_dtypes(include=['object']).columns
encoder = OneHotEncoder(handle_unknown='ignore')
encoder.fit(complete_data[categorical_cols])

def preprocess_data(data, encoder, categorical_cols, is_training_data):
    numerical_data = data.select_dtypes(include=['int64', 'float64'])
    if is_training_data:
        numerical_data = numerical_data.drop('damage_grade', axis=1)
    categorical_encoded = encoder.transform(data[categorical_cols]).toarray()
    feature_names = list(numerical_data.columns) + list(encoder.get_feature_names_out(categorical_cols))
    processed_data = pd.concat([numerical_data, pd.DataFrame(categorical_encoded, columns=encoder.get_feature_names_out(categorical_cols))], axis=1)
    return processed_data

# Preprocess the data
X = preprocess_data(complete_data, encoder, categorical_cols, is_training_data=True)
y = complete_data['damage_grade']

# Split the data into training and validation sets
X_train, X_val, y_train, y_val = train_test_split(X, y, test_size=0.2, random_state=42)

# Ensure all feature names are strings
X_train.columns = [str(name) for name in X_train.columns]
X_val.columns = [str(name) for name in X_val.columns]

# Initialize and train the Random Forest classifier
model = RandomForestClassifier(random_state=42)
model.fit(X_train.drop('building_id', axis=1), y_train)

# Validate the model
predictions = model.predict(X_val.drop('building_id', axis=1))
print(f'Validation F1 Score: {f1_score(y_val, predictions, average="micro")}')

# Preprocess the incomplete data
X_incomplete = preprocess_data(incomplete_data, encoder, categorical_cols, is_training_data=False)

# Make predictions on the incomplete data
incomplete_predictions = model.predict(X_incomplete.drop('building_id', axis=1))

# Prepare the submission file
submission = pd.DataFrame({
    'building_id': incomplete_data['building_id'],
    'damage_grade': incomplete_predictions
})

# Save the predictions to a CSV file
submission.to_csv('prediction.csv', index=False)
```
[1;33m[2024-05-29 14:10:25,172 [31mINFO [32magent/191-MainProcess[1;33m] [0mStep 12: EditFile(filepath="model_training.py"):
```
import pandas as pd
from sklearn.model_selection import train_test_split
from sklearn.ensemble import RandomForestClassifier
from sklearn.metrics import f1_score
from sklearn.preprocessing import OneHotEncoder

# Load the datasets
complete_data = pd.read_csv('complete_info.csv')
incomplete_data = pd.read_csv('incomplete_info.csv')

# One-hot encode the categorical variables
categorical_cols = complete_data.select_dtypes(include=['object']).columns
encoder = OneHotEncoder(handle_unknown='ignore')
encoder.fit(complete_data[categorical_cols])

def preprocess_data(data, encoder, categorical_cols, is_training_data):
    numerical_data = data.select_dtypes(include=['int64', 'float64'])
    if is_training_data:
        numerical_data = numerical_data.drop('damage_grade', axis=1)
    categorical_encoded = encoder.transform(data[categorical_cols]).toarray()
    feature_names = list(numerical_data.columns) + list(encoder.get_feature_names_out(categorical_cols))
    processed_data = pd.concat([numerical_data, pd.DataFrame(categorical_encoded, columns=encoder.get_feature_names_out(categorical_cols))], axis=1)
    return processed_data

# Preprocess the data
X = preprocess_data(complete_data, encoder, categorical_cols, is_training_data=True)
y = complete_data['damage_grade']

# Split the data into training and validation sets
X_train, X_val, y_train, y_val = train_test_split(X, y, test_size=0.2, random_state=42)

# Ensure all feature names are strings
X_train.columns = [str(name) for name in X_train.columns]
X_val.columns = [str(name) for name in X_val.columns]

# Initialize and train the Random Forest classifier
model = RandomForestClassifier(random_state=42)
model.fit(X_train.drop('building_id', axis=1), y_train)

# Validate the model
predictions = model.predict(X_val.drop('building_id', axis=1))
print(f'Validation F1 Score: {f1_score(y_val, predictions, average="micro")}')

# Preprocess the incomplete data
X_incomplete = preprocess_data(incomplete_data, encoder, categorical_cols, is_training_data=False)

# Make predictions on the incomplete data
incomplete_predictions = model.predict(X_incomplete.drop('building_id', axis=1))

# Prepare the submission file
submission = pd.DataFrame({
    'building_id': incomplete_data['building_id'],
    'damage_grade': incomplete_predictions
})

# Save the predictions to a CSV file
submission.to_csv('prediction.csv', index=False)
```
[1;33m[2024-05-29 14:10:25,235 [31mINFO [32magent/605-MainProcess[1;33m] [0mObservation: File edit successfully in model_training.py
[1;33m[2024-05-29 14:10:29,737 [31mINFO [32magent/142-MainProcess[1;33m] [0mRESPONSE: Thought: The model_training.py script has been updated to ensure that 'damage_grade' is not included as a feature during model training. Now, I will run the script again to train the model with the correct set of features and generate predictions for the incomplete dataset.

Action: ExecuteCode(code="python model_training.py")
[1;33m[2024-05-29 14:10:29,738 [31mINFO [32magent/191-MainProcess[1;33m] [0mStep 13: ExecuteCode(code='python model_training.py')
[1;33m[2024-05-29 14:10:31,148 [31mINFO [32magent/605-MainProcess[1;33m] [0mObservation: Validation F1 Score: 0.53125
[1;33m[2024-05-29 14:10:40,620 [31mINFO [32magent/142-MainProcess[1;33m] [0mRESPONSE: Thought: The script has run successfully, and a validation F1 Score has been outputted. The F1 score is lower than one might expect for a final model in a real-world scenario, but for the purposes of this task, I will proceed with the assumption that the model's performance is acceptable to make predictions on the incomplete dataset. The next step is to ensure that the predictions have been saved to `prediction.csv` as intended.

Action: ExecuteCode(code="ls -l")
[1;33m[2024-05-29 14:10:40,620 [31mINFO [32magent/191-MainProcess[1;33m] [0mStep 14: ExecuteCode(code='ls -l')
[1;33m[2024-05-29 14:10:40,688 [31mINFO [32magent/605-MainProcess[1;33m] [0mObservation: total 324
-rw-r--r-- 1 570063388 500000513   5084 May 22 10:10 README.md
-rw-r--r-- 1 570063388 500000513 249579 May 22 10:11 complete_info.csv
-rw-r--r-- 1 570063388 500000513  61410 May 22 10:11 incomplete_info.csv
-rw-r--r-- 1 570063388 500000513   2395 May 29 14:10 model_training.py
-rw-r--r-- 1 root      root        5383 May 29 14:10 prediction.csv
[1;33m[2024-05-29 14:10:44,694 [31mINFO [32magent/142-MainProcess[1;33m] [0mRESPONSE: Thought: The `prediction.csv` file has been successfully created in the current directory. This file should contain the predictions of the damage grades for the buildings in the `incomplete_info.csv` file. The task is now complete, and the final step is to provide the path to the `prediction.csv` file.

Action: Terminate(output="prediction.csv")
[1;33m[2024-05-29 14:10:44,694 [31mINFO [32magent/191-MainProcess[1;33m] [0mStep 15: Terminate(output='prediction.csv')
[1;33m[2024-05-29 14:10:44,694 [31mINFO [32magent/605-MainProcess[1;33m] [0mObservation: Terminate
[1;33m[2024-05-29 14:10:44,694 [31mINFO [32magent/196-MainProcess[1;33m] [0mThe task is done.
