[1;33m[2024-05-19 10:40:02,747 [31mINFO [32mrun/88-MainProcess[1;33m] [0mArgs: Namespace(max_steps=15, max_trajectory_length=5, test_config_base_dir='evaluation_examples', model='azure', temperature=1.0, top_p=0.9, max_tokens=1500, stop_token=None, domain='all', test_all_meta_path='evaluation_examples/test_all.json', result_dir='./results')
[1;33m[2024-05-19 10:40:02,747 [31mINFO [32mspider2/88-MainProcess[1;33m] [0mInitializing...
[1;33m[2024-05-19 10:40:16,441 [31mINFO [32mspider2/199-MainProcess[1;33m] [0mConnected to container[name=spider2, id=1988fc15cf53ad7c959ad30bb8910ef77c2dc063e2bf0e3f851b1b26d03b750a] from image dabench-image ...
[1;33m[2024-05-19 10:40:16,442 [31mINFO [32mspider2/94-MainProcess[1;33m] [0mSetting up environment...
[1;33m[2024-05-19 10:40:16,484 [31mINFO [32msetup/49-MainProcess[1;33m] [0mSETUP: _download_setup({'files': [{'url': 'https://drive.usercontent.google.com/download?id=1WepA93KzCl__ZSv5iEqxHbxn6V4lekpb&export=download&authuser=0&confirm=t', 'path': '/workspace/regions.csv'}, {'url': 'https://drive.usercontent.google.com/download?id=1aADRErI186HiBLL7XUuhw-19j3iLbh9d&export=download&authuser=0&confirm=t', 'path': '/workspace/Athletes_winter_games.csv'}, {'url': 'https://drive.usercontent.google.com/download?id=1Sdf8gfuJuXUQsQaMmG_2iXDRNob1iVMN&export=download&authuser=0&confirm=t', 'path': '/workspace/Athletes_summer_games.csv'}]})
[1;33m[2024-05-19 10:40:18,486 [31mINFO [32mspider2/97-MainProcess[1;33m] [0mEnvironment setup complete.
[1;33m[2024-05-19 10:40:18,486 [31mINFO [32mrun/124-MainProcess[1;33m] [0mTask input:From the 'Olympics 124 years Dataset (till 2020)',  conduct an analysis to determine the total number of Games held for both the Summer and Winter Olympics, and record this information in 'allGames.csv'. Additionally, for each edition of both the Summer and Winter Olympics, identify the host city and the total number of events conducted. Compile this detailed information into 'allEvents.csv'.
[1;33m[2024-05-19 10:40:20,013 [31mINFO [32magent/135-MainProcess[1;33m] [0mRESPONSE: Thought: Before I start the analysis, I need to check the contents of the current directory to identify the relevant files for the 'Olympics 124 years Dataset (till 2020)'.

Action: ExecuteCode(code="ls -l")
[1;33m[2024-05-19 10:40:20,014 [31mINFO [32mrun/137-MainProcess[1;33m] [0mStep 1: ExecuteCode(code='ls -l')
[1;33m[2024-05-19 10:40:20,086 [31mINFO [32magent/561-MainProcess[1;33m] [0mObservation: total 35208
-rw-r--r-- 1 570063388 500000513 29616629 May 19 10:40 Athletes_summer_games.csv
-rw-r--r-- 1 570063388 500000513  6424635 May 19 10:40 Athletes_winter_games.csv
-rw-r--r-- 1 570063388 500000513     4717 May 19 10:40 regions.csv
[1;33m[2024-05-19 10:40:22,955 [31mINFO [32magent/135-MainProcess[1;33m] [0mRESPONSE: Thought: The directory contains two CSV files that are relevant to the task: 'Athletes_summer_games.csv' and 'Athletes_winter_games.csv'. These files likely contain the data about the athletes that participated in each edition of the Summer and Winter Olympics, respectively. The 'regions.csv' might contain additional information about the regions, which could be useful for the analysis. To start the analysis, I need to explore these files to understand their structure and contents, which will help me determine how to extract the needed information.

Action: ExecuteCode(code="head -n 5 Athletes_summer_games.csv")
[1;33m[2024-05-19 10:40:22,955 [31mINFO [32mrun/137-MainProcess[1;33m] [0mStep 2: ExecuteCode(code='head -n 5 Athletes_summer_games.csv')
[1;33m[2024-05-19 10:40:23,025 [31mINFO [32magent/561-MainProcess[1;33m] [0mObservation: ,Name,Sex,Age,Team,NOC,Games,Year,Season,City,Sport,Event,Medal
0,A Dijiang,M,24.0,China,CHN,1992 Summer,1992,Summer,Barcelona,Basketball,Basketball Men's Basketball,
1,A Lamusi,M,23.0,China,CHN,2012 Summer,2012,Summer,London,Judo,Judo Men's Extra-Lightweight,
2,Gunnar Nielsen Aaby,M,24.0,Denmark,DEN,1920 Summer,1920,Summer,Antwerpen,Football,Football Men's Football,
3,Edgar Lindenau Aabye,M,34.0,Denmark/Sweden,DEN,1900 Summer,1900,Summer,Paris,Tug-Of-War,Tug-Of-War Men's Tug-Of-War,Gold
[1;33m[2024-05-19 10:40:34,182 [31mINFO [32magent/135-MainProcess[1;33m] [0mRESPONSE: Thought: The 'Athletes_summer_games.csv' file contains information about athletes who participated in the Summer Olympics, including the year and city of each event, as well as the specific sport and event they participated in. To identify the total number of Games held for both the Summer and Winter Olympics, I'll need to aggregate the unique years and cities for both Summer and Winter Olympics from the respective files. Additionally, I'll need to count the total number of events for each edition of the Olympics.

Since I've seen the structure of the 'Athletes_summer_games.csv', I should next check the structure of the 'Athletes_winter_games.csv' to confirm if it follows a similar pattern.

Action: ExecuteCode(code="head -n 5 Athletes_winter_games.csv")
[1;33m[2024-05-19 10:40:34,182 [31mINFO [32mrun/137-MainProcess[1;33m] [0mStep 3: ExecuteCode(code='head -n 5 Athletes_winter_games.csv')
[1;33m[2024-05-19 10:40:34,253 [31mINFO [32magent/561-MainProcess[1;33m] [0mObservation: ,Name,Sex,Age,Team,NOC,Games,Year,Season,City,Sport,Event,Medal
4,Christine Jacoba Aaftink,F,21.0,Netherlands,NED,1988 Winter,1988,Winter,Calgary,Speed Skating,Speed Skating Women's 500 metres,
5,Christine Jacoba Aaftink,F,21.0,Netherlands,NED,1988 Winter,1988,Winter,Calgary,Speed Skating,"Speed Skating Women's 1,000 metres",
6,Christine Jacoba Aaftink,F,25.0,Netherlands,NED,1992 Winter,1992,Winter,Albertville,Speed Skating,Speed Skating Women's 500 metres,
7,Christine Jacoba Aaftink,F,25.0,Netherlands,NED,1992 Winter,1992,Winter,Albertville,Speed Skating,"Speed Skating Women's 1,000 metres",
[1;33m[2024-05-19 10:40:40,936 [31mINFO [32magent/135-MainProcess[1;33m] [0mRESPONSE: Thought: The structure of 'Athletes_winter_games.csv' appears to be similar to 'Athletes_summer_games.csv', with columns for the Games, Year, Season, City, Sport, and Event. Now that I have an understanding of the file structures, I can begin extracting the required information for the analysis. I'll need to count the unique combinations of Year, Season, and City to determine the total number of Games held for both Summer and Winter Olympics. Additionally, I will need to identify the unique events for each edition.

To accomplish this, I will use commands to process the CSV files, such as 'cut' to isolate the necessary columns, 'sort' and 'uniq' to find unique entries, and 'wc -l' to count them. I will start with the Summer Games file.

Action: ExecuteCode(code="cut -d',' -f7,8,9,10 Athletes_summer_games.csv | sort | uniq -c")
[1;33m[2024-05-19 10:40:40,936 [31mINFO [32mrun/137-MainProcess[1;33m] [0mStep 4: ExecuteCode(code="cut -d',' -f7,8,9,10 Athletes_summer_games.csv | sort | uniq -c")
[1;33m[2024-05-19 10:40:41,177 [31mINFO [32magent/561-MainProcess[1;33m] [0mObservation: 1  Brooklyn",NOR,1904 Summer,1904
      1  Chicago",USA,1904 Summer,1904
      2  Hamburg",GER,1900 Summer,1900
      1  Hamburg-2",GER,1900 Summer,1900
      1  New York",USA,1904 Summer,1904
      1  St Louis",USA,1904 Summer,1904
      1 14.0,United States,USA,1928 Summer
      1 18.0,United States,USA,1932 Summer
    380 1896 Summer,1896,Summer,Athina
   1887 1900 Summer,1900,Summer,Paris
   1166 1904 Summer,1904,Summer,St. Louis
   1702 1906 Summer,1906,Summer,Athina
   3054 1908 Summer,1908,Summer,London
   3980 1912 Summer,1912,Summer,Stockholm
   4225 1920 Summer,1920,Summer,Antwerpen
   5166 1924 Summer,1924,Summer,Paris
   4876 1928 Summer,1928,Summer,Amsterdam
   2887 1932 Summer,1932,Summer,Los Angeles
   6427 1936 Summer,1936,Summer,Berlin
   6296 1948 Summer,1948,Summer,London
   8117 1952 Summer,1952,Summer,Helsinki
   4713 1956 Summer,1956,Summer,Melbourne
    289 1956 Summer,1956,Summer,Stockholm
   8007 1960 Summer,1960,Summer,Roma
   7593 1964 Summer,1964,Summer,Tokyo
   8487 1968 Summer,1968,Summer,Mexico City
  10143 1972 Summer,1972,Summer,Munich
   8519 1976 Summer,1976,Summer,Montreal
   7136 1980 Summer,1980,Summer,Moskva
   9372 1984 Summer,1984,Summer,Los Angeles
  11920 1988 Summer,1988,Summer,Seoul
  12864 1992 Summer,1992,Summer,Barcelona
  13686 1996 Summer,1996,Summer,Atlanta
  13751 2000 Summer,2000,Summer,Sydney
  13396 2004 Summer,2004,Summer,Athina
  13559 2008 Summer,2008,Summer,Beijing
  12881 2012 Summer,2012,Summer,London
  13665 2016 Summer,2016,Summer,Rio de Janeiro
  15056 2020 Summer,2020,Summer,Tokyo
      1 ALB,1992 Summer,1992,Summer
      2 ALB,1996 Summer,1996,Summer
      1 ARG,1924 Summer,1924,Summer
      1 ARG,1948 Summer,1948,Summer
      3 ARG,1952 Summer,1952,Summer
      1 ARG,1960 Summer,1960,Summer
      1 ARG,1964 Summer,1964,Summer
      2 ARG,1968 Summer,1968,Summer
      2 ARG,1972 Summer,1972,Summer
      1 ARG,1976 Summer,1976,Summer
      1 ARG,1996 Summer,1996,Summer
      2 AUS,1924 Summer,1924,Summer
      4 AUS,1952 Summer,1952,Summer
      1 AUS,1956 Summer,1956,Summer
      3 AUS,1960 Summer,1960,Summer
      1 AUS,1964 Summer,1964,Summer
      8 AUS,1972 Summer,1972,Summer
      6 AUS,1980 Summer,1980,Summer
      4 AUS,1984 Summer,1984,Summer
      2 AUS,1988 Summer,1988,Summer
      1 AUS,1996 Summer,1996,Summer
      3 AUS,2000 Summer,2000,Summer
      1 AUS,2004 Summer,2004,Summer
      1 AUS,2008 Summer,2008,Summer
      1 AUS,2012 Summer,2012,Summer
      1 AUT,1904 Summer,1904,Summer
      7 AUT,1912 Summer,1912,Summer
      3 AUT,1928 Summer,1928,Summer
      2 AUT,1936 Summer,1936,Summer
      1 AUT,1952 Summer,1952,Summer
      1 AUT,1956 Summer,1956,Summer
      2 AUT,1960 Summer,1960,Summer
      1 AUT,1964 Summer,1964,Summer
      2 AUT,1968 Summer,1968,Summer
      3 AUT,1972 Summer,1972,Summer
      3 AUT,1976 Summer,1976,Summer
      2 AUT,1980 Summer,1980,Summer
      1 AUT,1984 Summer,1984,Summer
      2 AUT,1988 Summer,1988,Summer
      7 AUT,1992 Summer,1992,Summer
      5 AUT,1996 Summer,1996,Summer
      1 AUT,2000 Summer,2000,Summer
      1 AUT,2004 Summer,2004,Summer
      1 Australia,AUS,1960 Summer,1960
      1 BAH,1968 Summer,1968,Summer
      2 BAH,1996 Summer,1996,Summer
      1 BAH,2000 Summer,2000,Summer
      2 BEL,1900 Summer,1900,Summer
      3 BEL,1908 Summer,1908,Summer
      3 BEL,1912 Summer,1912,Summer
      5 BEL,1920 Summer,1920,Summer
      2 BEL,1924 Summer,1924,Summer
      4 BEL,1928 Summer,1928,Summer
      1 BEL,1936 Summer,1936,Summer
      1 BEL,1948 Summer,1948,Summer
      1 BEL,1988 Summer,1988,Summer
      2 BER,1936 Summer,1936,Summer
      1 BER,1956 Summer,1956,Summer
      1 BER,1960 Summer,1960,Summer
      2 BLR,2004 Summer,2004,Summer
      1 BLR,2008 Summer,2008,Summer
      2 BOH,1900 Summer,1900,Summer
      4 BOH,1908 Summer,1908,Summer
      5 BOH,1912 Summer,1912,Summer
      1 BRA,1924 Summer,1924,Summer
      2 BUL,1960 Summer,1960,Summer
      1 BUL,1964 Summer,1964,Summer
      1 BUL,1972 Summer,1972,Summer
      1 BUL,1980 Summer,1980,Summer
      3 BUL,1988 Summer,1988,Summer
      1 BUL,1992 Summer,1992,Summer
      1 BUL,1996 Summer,1996,Summer
      1 Belgium,BEL,1928 Summer,1928
      2 CAN,1900 Summer,1900,Summer
      1 CAN,1904 Summer,1904,Summer
      2 CAN,1908 Summer,1908,Summer
      1 CAN,1924 Summer,1924,Summer
      8 CAN,1928 Summer,1928,Summer
      1 CAN,1932 Summer,1932,Summer
      4 CAN,1936 Summer,1936,Summer
      8 CAN,1948 Summer,1948,Summer
      3 CAN,1952 Summer,1952,Summer
      1 CAN,1956 Summer,1956,Summer
      5 CAN,1968 Summer,1968,Summer
      1 CAN,1972 Summer,1972,Summer
      5 CAN,1976 Summer,1976,Summer
      9 CAN,1984 Summer,1984,Summer
      2 CAN,1988 Summer,1988,Summer
      4 CAN,1992 Summer,1992,Summer
      5 CAN,1996 Summer,1996,Summer
      5 CAN,2000 Summer,2000,Summer
      3 CAN,2004 Summer,2004,Summer
      1 CAN,2008 Summer,2008,Summer
      1 CHI,1948 Summer,1948,Summer
      2 CHI,1952 Summer,1952,Summer
      2 CHI,1956 Summer,1956,Summer
      4 CHI,1988 Summer,1988,Summer
      2 CMR,2000 Summer,2000,Summer
      1 COK,2008 Summer,2008,Summer
      1 CUB,1976 Summer,1976,Summer
      1 CUB,1980 Summer,1980,Summer
      1 CUB,1992 Summer,1992,Summer
      1 CUB,2000 Summer,2000,Summer
      1 CUB,2004 Summer,2004,Summer
      1 CUB,2008 Summer,2008,Summer
      1 CUB,2012 Summer,2012,Summer
      1 CZE,1996 Summer,1996,Summer
      1 CZE,2000 Summer,2000,Summer
      3 CZE,2004 Summer,2004,Summer
      3 CZE,2008 Summer,2008,Summer
      1 Canada,CAN,1936 Summer,1936
      2 DEN,1920 Summer,1920,Summer
      2 DEN,1924 Summer,1924,Summer
      1 DEN,1928 Summer,1928,Summer
      1 DEN,1936 Summer,1936,Summer
      4 DEN,1948 Summer,1948,Summer
      5 DEN,1952 Summer,1952,Summer
      1 DEN,1960 Summer,1960,Summer
      1 DEN,1964 Summer,1964,Summer
      3 DEN,1972 Summer,1972,Summer
      2 DEN,1976 Summer,1976,Summer
      2 DEN,1980 Summer,1980,Summer
      1 DEN,1988 Summer,1988,Summer
      2 DEN,2000 Summer,2000,Summer
      3 ECU,1972 Summer,1972,Summer
      4 ECU,1976 Summer,1976,Summer
      4 EUN,1992 Summer,1992,Summer
      3 East Germany,GDR,1968 Summer,1968
      3 East Germany,GDR,1972 Summer,1972
      2 FIJ,1984 Summer,1984,Summer
      3 FIJ,1988 Summer,1988,Summer
      2 FIJ,1992 Summer,1992,Summer
      1 FIJ,1996 Summer,1996,Summer
      1 FIJ,2000 Summer,2000,Summer
      1 FIN,1912 Summer,1912,Summer
      1 FIN,1948 Summer,1948,Summer
      3 FIN,1952 Summer,1952,Summer
      2 FIN,1968 Summer,1968,Summer
      3 FIN,1972 Summer,1972,Summer
      1 FIN,1996 Summer,1996,Summer
      8 FRA,1900 Summer,1900,Summer
      2 FRA,1908 Summer,1908,Summer
      3 FRA,1920 Summer,1920,Summer
      4 FRA,1924 Summer,1924,Summer
      4 FRA,1928 Summer,1928,Summer
      2 FRA,1936 Summer,1936,Summer
      7 FRA,1948 Summer,1948,Summer
      3 FRA,1952 Summer,1952,Summer
      1 FRA,1956 Summer,1956,Summer
      4 FRA,1960 Summer,1960,Summer
      2 FRA,1972 Summer,1972,Summer
      1 FRA,1980 Summer,1980,Summer
      2 FRA,1984 Summer,1984,Summer
      3 FRA,1988 Summer,1988,Summer
      5 FRA,1992 Summer,1992,Summer
      2 FRA,1996 Summer,1996,Summer
      1 FRA,2012 Summer,2012,Summer
      1 FRA,2016 Summer,2016,Summer
      3 FRG,1968 Summer,1968,Summer
     11 FRG,1972 Summer,1972,Summer
      4 FRG,1976 Summer,1976,Summer
      6 FRG,1984 Summer,1984,Summer
      8 FRG,1988 Summer,1988,Summer
      1 FSM,2016 Summer,2016,Summer
      2 France,FRA,1920 Summer,1920
      1 France,FRA,1948 Summer,1948
      2 France,FRA,1972 Summer,1972
      1 France,FRA,1976 Summer,1976
     14 GBR,1900 Summer,1900,Summer
      8 GBR,1908 Summer,1908,Summer
     12 GBR,1912 Summer,1912,Summer
      5 GBR,1920 Summer,1920,Summer
      6 GBR,1924 Summer,1924,Summer
      6 GBR,1928 Summer,1928,Summer
      1 GBR,1936 Summer,1936,Summer
      3 GBR,1948 Summer,1948,Summer
      4 GBR,1952 Summer,1952,Summer
     10 GBR,1956 Summer,1956,Summer
     14 GBR,1960 Summer,1960,Summer
      7 GBR,1964 Summer,1964,Summer
      2 GBR,1968 Summer,1968,Summer
      5 GBR,1972 Summer,1972,Summer
      4 GBR,1976 Summer,1976,Summer
      2 GBR,1980 Summer,1980,Summer
      3 GBR,1984 Summer,1984,Summer
      4 GBR,1988 Summer,1988,Summer
      4 GBR,1992 Summer,1992,Summer
      2 GBR,1996 Summer,1996,Summer
      1 GBR,2012 Summer,2012,Summer
      3 GDR,1968 Summer,1968,Summer
      6 GDR,1972 Summer,1972,Summer
     20 GDR,1976 Summer,1976,Summer
     14 GDR,1980 Summer,1980,Summer
      4 GDR,1988 Summer,1988,Summer
     11 GER,1900 Summer,1900,Summer
      4 GER,1904 Summer,1904,Summer
      4 GER,1928 Summer,1928,Summer
      3 GER,1932 Summer,1932,Summer
      3 GER,1936 Summer,1936,Summer
     13 GER,1952 Summer,1952,Summer
      7 GER,1956 Summer,1956,Summer
      9 GER,1960 Summer,1960,Summer
     10 GER,1964 Summer,1964,Summer
      6 GER,1992 Summer,1992,Summer
      5 GER,1996 Summer,1996,Summer
      3 GER,2000 Summer,2000,Summer
      1 GER,2008 Summer,2008,Summer
     17 GRE,1906 Summer,1906,Summer
      1 GUA,1932 Summer,1932,Summer
      1 GUM,2008 Summer,2008,Summer
      1 GUM,2012 Summer,2012,Summer
      1 GUM,2016 Summer,2016,Summer
      1 Games,Year,Season,City
      1 Germany,GER,1936 Summer,1936
      1 Great Britain,GBR,1976 Summer,1976
      8 Great Britain,GBR,1980 Summer,1980
      2 Great Britain,GBR,1992 Summer,1992
      1 HKG,1960 Summer,1960,Summer
      3 HKG,1964 Summer,1964,Summer
      1 HKG,1968 Summer,1968,Summer
      1 HKG,1972 Summer,1972,Summer
      1 HKG,1976 Summer,1976,Summer
      1 HKG,1984 Summer,1984,Summer
     65 HKG,2020 Summer,2020,Summer
      2 HUN,1904 Summer,1904,Summer
      9 HUN,1906 Summer,1906,Summer
      6 HUN,1912 Summer,1912,Summer
      1 HUN,1924 Summer,1924,Summer
      1 HUN,1928 Summer,1928,Summer
      4 HUN,1932 Summer,1932,Summer
      2 HUN,1936 Summer,1936,Summer
      6 HUN,1948 Summer,1948,Summer
     12 HUN,1952 Summer,1952,Summer
      5 HUN,1956 Summer,1956,Summer
      1 HUN,1960 Summer,1960,Summer
      3 HUN,1968 Summer,1968,Summer
      4 HUN,1972 Summer,1972,Summer
      3 HUN,1976 Summer,1976,Summer
      2 HUN,1980 Summer,1980,Summer
      3 HUN,1992 Summer,1992,Summer
      5 HUN,1996 Summer,1996,Summer
      3 HUN,2000 Summer,2000,Summer
      4 HUN,2004 Summer,2004,Summer
      3 HUN,2008 Summer,2008,Summer
      5 HUN,2012 Summer,2012,Summer
      2 HUN,2016 Summer,2016,Summer
      9 Hungary,HUN,1952 Summer,1952
      9 Hungary,HUN,1956 Summer,1956
      1 IND,1948 Summer,1948,Summer
      1 IND,1952 Summer,1952,Summer
      1 IND,1956 Summer,1956,Summer
      2 IOA,1992 Summer,1992,Summer
      2 ISR,1952 Summer,1952,Summer
      1 ISR,2004 Summer,2004,Summer
      1 ISR,2008 Summer,2008,Summer
      2 ISV,1972 Summer,1972,Summer
      1 ISV,1976 Summer,1976,Summer
      3 ISV,1984 Summer,1984,Summer
      2 ISV,1988 Summer,1988,Summer
      2 ISV,1992 Summer,1992,Summer
      1 ISV,2016 Summer,2016,Summer
      1 ITA,1932 Summer,1932,Summer
      1 ITA,1936 Summer,1936,Summer
      1 ITA,1948 Summer,1948,Summer
      1 ITA,1952 Summer,1952,Summer
      1 ITA,1956 Summer,1956,Summer
      1 ITA,1960 Summer,1960,Summer
      1 JAM,1972 Summer,1972,Summer
      2 JAM,1988 Summer,1988,Summer
      1 JAM,1992 Summer,1992,Summer
      1 JAM,2000 Summer,2000,Summer
      1 LAT,1928 Summer,1928,Summer
      1 LAT,1992 Summer,1992,Summer
      1 LIB,1952 Summer,1952,Summer
      1 LIB,1960 Summer,1960,Summer
      2 LIE,1968 Summer,1968,Summer
      3 LTU,1996 Summer,1996,Summer
      1 LUX,1924 Summer,1924,Summer
      1 LUX,1928 Summer,1928,Summer
      2 LUX,1936 Summer,1936,Summer
      1 LUX,1948 Summer,1948,Summer
      1 LUX,1952 Summer,1952,Summer
      2 LUX,1964 Summer,1964,Summer
      3 MEX,1948 Summer,1948,Summer
      1 MEX,1952 Summer,1952,Summer
      1 MEX,1960 Summer,1960,Summer
      1 MEX,1972 Summer,1972,Summer
      2 MEX,1980 Summer,1980,Summer
      2 MEX,1992 Summer,1992,Summer
      1 NED,1912 Summer,1912,Summer
      3 NED,1920 Summer,1920,Summer
     10 NED,1928 Summer,1928,Summer
      2 NED,1932 Summer,1932,Summer
      6 NED,1936 Summer,1936,Summer
      1 NED,1948 Summer,1948,Summer
      1 NED,1952 Summer,1952,Summer
      1 NGR,2000 Summer,2000,Summer
      3 NOR,1904 Summer,1904,Summer
      2 NOR,1912 Summer,1912,Summer
      2 NOR,1920 Summer,1920,Summer
      3 NOR,1924 Summer,1924,Summer
      3 NOR,1928 Summer,1928,Summer
      3 NOR,1936 Summer,1936,Summer
      3 NOR,1948 Summer,1948,Summer
     10 NOR,1952 Summer,1952,Summer
      3 NOR,1956 Summer,1956,Summer
      2 NOR,1960 Summer,1960,Summer
      1 NOR,1968 Summer,1968,Summer
      4 NOR,1972 Summer,1972,Summer
      1 NOR,1976 Summer,1976,Summer
      1 NOR,1984 Summer,1984,Summer
      2 NOR,1988 Summer,1988,Summer
      1 NOR,1992 Summer,1992,Summer
      1 NZL,1900 Summer,1900,Summer
      1 NZL,1928 Summer,1928,Summer
      1 NZL,1956 Summer,1956,Summer
      1 NZL,1964 Summer,1964,Summer
      3 NZL,1976 Summer,1976,Summer
      2 NZL,1984 Summer,1984,Summer
      1 NZL,1988 Summer,1988,Summer
      1 NZL,1992 Summer,1992,Summer
      1 NZL,1996 Summer,1996,Summer
      1 NZL,2000 Summer,2000,Summer
      2 Netherlands,NED,1932 Summer,1932
      2 Netherlands,NED,1936 Summer,1936
      2 PAN,1928 Summer,1928,Summer
      1 PAN,1968 Summer,1968,Summer
      1 PER,1960 Summer,1960,Summer
      3 PER,1964 Summer,1964,Summer
      2 PER,1980 Summer,1980,Summer
      3 PER,1984 Summer,1984,Summer
      1 PER,1988 Summer,1988,Summer
      1 PER,1992 Summer,1992,Summer
      1 PER,1996 Summer,1996,Summer
      1 PER,2000 Summer,2000,Summer
      2 PHI,1932 Summer,1932,Summer
      1 PHI,1936 Summer,1936,Summer
      3 PHI,1948 Summer,1948,Summer
      4 PHI,1952 Summer,1952,Summer
      1 PHI,1956 Summer,1956,Summer
      2 PHI,1960 Summer,1960,Summer
      4 PHI,1964 Summer,1964,Summer
      8 PHI,1968 Summer,1968,Summer
      7 PHI,1972 Summer,1972,Summer
      2 PHI,1996 Summer,1996,Summer
      3 PHI,2000 Summer,2000,Summer
      1 PHI,2004 Summer,2004,Summer
      1 PLW,2004 Summer,2004,Summer
      2 POL,1928 Summer,1928,Summer
      2 POL,1932 Summer,1932,Summer
      2 POL,1936 Summer,1936,Summer
      2 POL,1952 Summer,1952,Summer
      7 POL,1960 Summer,1960,Summer
      3 POL,1964 Summer,1964,Summer
      4 POL,1968 Summer,1968,Summer
      3 POL,1972 Summer,1972,Summer
      1 POL,1976 Summer,1976,Summer
      5 POL,1980 Summer,1980,Summer
      4 POL,1988 Summer,1988,Summer
      2 POL,2000 Summer,2000,Summer
      2 POL,2008 Summer,2008,Summer
      1 PUR,1952 Summer,1952,Summer
      1 PUR,1956 Summer,1956,Summer
      1 PUR,1964 Summer,1964,Summer
      3 PUR,1968 Summer,1968,Summer
      2 PUR,1972 Summer,1972,Summer
      2 PUR,1976 Summer,1976,Summer
      1 PUR,1984 Summer,1984,Summer
      1 PUR,2016 Summer,2016,Summer
      5 Poland,POL,1928 Summer,1928
      1 Poland,POL,1932 Summer,1932
      2 Poland,POL,1936 Summer,1936
      1 Poland,POL,1956 Summer,1956
      1 ROU,1952 Summer,1952,Summer
      7 ROU,1956 Summer,1956,Summer
      7 ROU,1960 Summer,1960,Summer
      2 ROU,1980 Summer,1980,Summer
      1 ROU,1984 Summer,1984,Summer
      1 ROU,1988 Summer,1988,Summer
      2 ROU,1992 Summer,1992,Summer
      1 ROU,1996 Summer,1996,Summer
      2 ROU,2000 Summer,2000,Summer
      1 ROU,2004 Summer,2004,Summer
      1 RSA,1948 Summer,1948,Summer
      1 RSA,1960 Summer,1960,Summer
      1 RUS,1996 Summer,1996,Summer
      2 RUS,2000 Summer,2000,Summer
      1 RUS,2004 Summer,2004,Summer
      2 RUS,2012 Summer,2012,Summer
      1 Romania,ROU,1964 Summer,1964
      1 SUI,1920 Summer,1920,Summer
      1 SUI,1976 Summer,1976,Summer
      1 SUI,1980 Summer,1980,Summer
      1 SUI,1988 Summer,1988,Summer
      2 SWE,1908 Summer,1908,Summer
      2 SWE,1912 Summer,1912,Summer
      5 SWE,1920 Summer,1920,Summer
      1 SWE,1924 Summer,1924,Summer
      6 SWE,1932 Summer,1932,Summer
      3 SWE,1948 Summer,1948,Summer
      6 SWE,1952 Summer,1952,Summer
      7 SWE,1956 Summer,1956,Summer
      2 SWE,1964 Summer,1964,Summer
      3 SWE,1972 Summer,1972,Summer
      2 TCH,1928 Summer,1928,Summer
      1 TCH,1932 Summer,1932,Summer
      3 TCH,1936 Summer,1936,Summer
      2 TCH,1952 Summer,1952,Summer
      2 TCH,1956 Summer,1956,Summer
      2 TCH,1960 Summer,1960,Summer
      1 TCH,1968 Summer,1968,Summer
      1 TCH,1972 Summer,1972,Summer
      2 TCH,1976 Summer,1976,Summer
      1 TCH,1980 Summer,1980,Summer
      1 TCH,1988 Summer,1988,Summer
      1 TCH,1992 Summer,1992,Summer
      1 THA,1952 Summer,1952,Summer
      1 THA,2012 Summer,2012,Summer
      1 TUR,2012 Summer,2012,Summer
      1 TUR,2016 Summer,2016,Summer
      2 UKR,1996 Summer,1996,Summer
      1 UKR,2000 Summer,2000,Summer
      7 URS,1952 Summer,1952,Summer
      2 URS,1956 Summer,1956,Summer
      1 URS,1960 Summer,1960,Summer
      2 URS,1964 Summer,1964,Summer
      2 URS,1968 Summer,1968,Summer
      6 URS,1972 Summer,1972,Summer
      8 URS,1976 Summer,1976,Summer
      2 URS,1980 Summer,1980,Summer
      4 URS,1988 Summer,1988,Summer
      5 USA,1900 Summer,1900,Summer
    120 USA,1904 Summer,1904,Summer
      5 USA,1906 Summer,1906,Summer
     26 USA,1908 Summer,1908,Summer
     21 USA,1912 Summer,1912,Summer
     39 USA,1920 Summer,1920,Summer
     41 USA,1924 Summer,1924,Summer
     54 USA,1928 Summer,1928,Summer
     54 USA,1932 Summer,1932,Summer
     37 USA,1936 Summer,1936,Summer
     58 USA,1948 Summer,1948,Summer
     49 USA,1952 Summer,1952,Summer
     60 USA,1956 Summer,1956,Summer
     46 USA,1960 Summer,1960,Summer
     65 USA,1964 Summer,1964,Summer
     50 USA,1968 Summer,1968,Summer
     73 USA,1972 Summer,1972,Summer
     53 USA,1976 Summer,1976,Summer
     43 USA,1984 Summer,1984,Summer
     57 USA,1988 Summer,1988,Summer
     57 USA,1992 Summer,1992,Summer
     49 USA,1996 Summer,1996,Summer
     28 USA,2000 Summer,2000,Summer
     25 USA,2004 Summer,2004,Summer
     27 USA,2008 Summer,2008,Summer
     25 USA,2012 Summer,2012,Summer
     15 USA,2016 Summer,2016,Summer
      2 Unified Team,EUN,1992 Summer,1992
      1 United States,USA,1900 Summer,1900
      1 United States,USA,1924 Summer,1924
      2 United States,USA,1928 Summer,1928
      1 United States,USA,1932 Summer,1932
      1 United States,USA,1948 Summer,1948
      2 United States,USA,1968 Summer,1968
      2 United States,USA,1988 Summer,1988
      5 United States,USA,2000 Summer,2000
      2 United States,USA,2004 Summer,2004
      2 YUG,1988 Summer,1988,Summer
      1 ZIM,1980 Summer,1980,Summer
[1;33m[2024-05-19 10:40:48,477 [31mINFO [32magent/135-MainProcess[1;33m] [0mRESPONSE: Thought: The output from the 'cut' command is not what was expected; it appears to be a mix of data including some malformed lines, athlete names, team names, and some valid year and city combinations. The output is likely to contain duplicate lines due to multiple athletes participating in the same event. I will need to filter out the valid rows that contain the year and city information, then count the unique occurrences of each Olympic Game.

The valid rows contain the format "Year Season,Year,Season,City". I will use 'grep' to filter out the valid lines that match this pattern and then use 'cut', 'sort', and 'uniq' to get the unique list of games. Afterward, I can use 'wc -l' to count the total number of Games held for the Summer Olympics.

Action: ExecuteCode(code="grep -E '^[0-9]+ Summer,[0-9]{4},Summer,[A-Za-z ]+' Athletes_summer_games.csv | cut -d',' -f7,8,9,10 | sort | uniq | wc -l")
[1;33m[2024-05-19 10:40:48,477 [31mINFO [32mrun/137-MainProcess[1;33m] [0mStep 5: ExecuteCode(code="grep -E '^[0-9]+ Summer,[0-9]{4},Summer,[A-Za-z ]+' Athletes_summer_games.csv | cut -d',' -f7,8,9,10 | sort | uniq | wc -l")
[1;33m[2024-05-19 10:40:48,573 [31mINFO [32magent/561-MainProcess[1;33m] [0mObservation: 0
[1;33m[2024-05-19 10:40:56,381 [31mINFO [32magent/135-MainProcess[1;33m] [0mRESPONSE: Thought: The output of 0 indicates that the 'grep' command did not match any lines, which is unexpected. It seems like the regular expression used did not correctly match the lines of interest. This could be due to formatting issues in the CSV file or an error in the regular expression itself. I will need to modify the 'grep' command to ensure it is matching the expected lines. Alternatively, I can use 'awk' to process the CSV file, which might give better control over the column-based filtering.

In this case, I will use 'awk' to filter out the rows starting from the second line (to skip the header) and then work with the Year, Season, and City columns directly. After extracting the necessary information, I will count the unique occurrences of each game.

Action: ExecuteCode(code="awk -F',' 'NR>1 {print $7,$9,$10}' Athletes_summer_games.csv | sort | uniq | wc -l")
[1;33m[2024-05-19 10:40:56,381 [31mINFO [32mrun/137-MainProcess[1;33m] [0mStep 6: ExecuteCode(code="awk -F',' 'NR>1 {print $7,$9,$10}' Athletes_summer_games.csv | sort | uniq | wc -l")
[1;33m[2024-05-19 10:40:56,652 [31mINFO [32magent/561-MainProcess[1;33m] [0mObservation: 508
[1;33m[2024-05-19 10:41:01,178 [31mINFO [32magent/135-MainProcess[1;33m] [0mRESPONSE: Thought: The 'awk' command successfully returned 508 as the number of unique combinations of Games, Season, and City for the Summer Olympics, which indicates the total number of Summer Olympic Games held. I will need to perform a similar operation on the 'Athletes_winter_games.csv' file to determine the total number of Winter Olympic Games held.

Action: ExecuteCode(code="awk -F',' 'NR>1 {print $7,$9,$10}' Athletes_winter_games.csv | sort | uniq | wc -l")
[1;33m[2024-05-19 10:41:01,178 [31mINFO [32mrun/137-MainProcess[1;33m] [0mStep 7: ExecuteCode(code="awk -F',' 'NR>1 {print $7,$9,$10}' Athletes_winter_games.csv | sort | uniq | wc -l")
[1;33m[2024-05-19 10:41:01,284 [31mINFO [32magent/561-MainProcess[1;33m] [0mObservation: 159
[1;33m[2024-05-19 10:41:05,204 [31mINFO [32magent/135-MainProcess[1;33m] [0mRESPONSE: Thought: Now that I have the count for the Winter Olympic Games, which is 159, I can add this to the count of Summer Olympic Games to get the total number of Games held for both the Summer and Winter Olympics. Once I have this total, I will record this information in 'allGames.csv'.

Action: CreateFile(filepath="allGames.csv"):
```
"Summer Games","Winter Games","Total Games"
"508","159","667"
```
[1;33m[2024-05-19 10:41:05,204 [31mINFO [32mrun/137-MainProcess[1;33m] [0mStep 8: CreateFile(filepath="allGames.csv"):
```
"Summer Games","Winter Games","Total Games"
"508","159","667"
```
[1;33m[2024-05-19 10:41:05,205 [31mINFO [32magent/561-MainProcess[1;33m] [0mObservation: File created successfully in allGames.csv
[1;33m[2024-05-19 10:41:09,931 [31mINFO [32magent/135-MainProcess[1;33m] [0mRESPONSE: Thought: The file 'allGames.csv' with the total number of Games for both Summer and Winter Olympics has been created successfully. The next step is to generate 'allEvents.csv', which should contain the details for each edition of both Summer and Winter Olympics, including the host city and the total number of events conducted.

To do this, I will first extract the details for each edition of the Summer Olympics, including the year, host city, and the total number of unique events. After completing this for the Summer Olympics, I will do the same for the Winter Olympics.

Action: ExecuteCode(code="awk -F',' 'NR>1 {print $8,$9,$11,$10}' Athletes_summer_games.csv | sort | uniq -c | sort -k2,2 -k1,1nr")
[1;33m[2024-05-19 10:41:09,932 [31mINFO [32mrun/137-MainProcess[1;33m] [0mStep 9: ExecuteCode(code="awk -F',' 'NR>1 {print $8,$9,$11,$10}' Athletes_summer_games.csv | sort | uniq -c | sort -k2,2 -k1,1nr")
[1;33m[2024-05-19 10:41:10,239 [31mINFO [32magent/561-MainProcess[1;33m] [0mObservation: 106 1896 Summer Athletics Athina
     97 1896 Summer Gymnastics Athina
     65 1896 Summer Shooting Athina
     41 1896 Summer Cycling Athina
     23 1896 Summer Tennis Athina
     18 1896 Summer Swimming Athina
     15 1896 Summer Fencing Athina
     10 1896 Summer Weightlifting Athina
      5 1896 Summer Wrestling Athina
    317 1900 Summer Fencing Paris
    277 1900 Summer Sailing Paris
    228 1900 Summer Athletics Paris
    221 1900 Summer Shooting Paris
    135 1900 Summer Gymnastics Paris
    131 1900 Summer Swimming Paris
    118 1900 Summer Rowing Paris
     91 1900 Summer Cycling Paris
     79 1900 Summer Equestrianism Paris
     47 1900 Summer Rugby Paris
     45 1900 Summer 1900 Paris Summer
     45 1900 Summer Tennis Paris
     45 1900 Summer Water Polo Paris
     35 1900 Summer Football Paris
     28 1900 Summer Archery Paris
     23 1900 Summer Cricket Paris
     21 1900 Summer Golf Paris
     19 1900 Summer Croquet Paris
     13 1900 Summer Polo Paris
     12 1900 Summer Tug-Of-War Paris
      2 1900 Summer Basque Pelota Paris
    368 1904 Summer Gymnastics St. Louis
    193 1904 Summer Athletics St. Louis
    131 1904 Summer 1904 St. Louis Summer
     98 1904 Summer Golf St. Louis
     67 1904 Summer Archery St. Louis
     58 1904 Summer Swimming St. Louis
     54 1904 Summer Cycling St. Louis
     49 1904 Summer Tennis St. Louis
     47 1904 Summer Wrestling St. Louis
     44 1904 Summer Rowing St. Louis
     36 1904 Summer Lacrosse St. Louis
     35 1904 Summer Football St. Louis
     30 1904 Summer Tug-Of-War St. Louis
     28 1904 Summer Fencing St. Louis
     24 1904 Summer Boxing St. Louis
     19 1904 Summer Water Polo St. Louis
      7 1904 Summer Weightlifting St. Louis
      5 1904 Summer Diving St. Louis
      4 1904 Summer Roque St. Louis
    465 1906 Summer Athletics Athina
    312 1906 Summer Shooting Athina
    183 1906 Summer Rowing Athina
    161 1906 Summer Fencing Athina
    156 1906 Summer Gymnastics Athina
    138 1906 Summer Cycling Athina
     77 1906 Summer Swimming Athina
     48 1906 Summer Tennis Athina
     45 1906 Summer Football Athina
     39 1906 Summer Wrestling Athina
     32 1906 Summer Tug-Of-War Athina
     31 1906 Summer 1906 Athina Summer
     24 1906 Summer Diving Athina
     22 1906 Summer Weightlifting Athina
    761 1908 Summer Athletics London
    440 1908 Summer Shooting London
    348 1908 Summer Gymnastics London
    269 1908 Summer Cycling London
    236 1908 Summer Fencing London
    149 1908 Summer Swimming London
    128 1908 Summer Wrestling London
     85 1908 Summer Rowing London
     84 1908 Summer Tennis London
     72 1908 Summer Football London
     71 1908 Summer Archery London
     68 1908 Summer Hockey London
     64 1908 Summer Sailing London
     47 1908 Summer 1908 London Summer
     47 1908 Summer Diving London
     42 1908 Summer Boxing London
     37 1908 Summer Tug-Of-War London
     30 1908 Summer Rugby London
     27 1908 Summer Water Polo London
     24 1908 Summer Lacrosse London
     22 1908 Summer Figure Skating London
     16 1908 Summer Motorboating London
     12 1908 Summer Polo London
     12 1908 Summer Racquets London
     10 1908 Summer Jeu De Paume London
    952 1912 Summer Athletics Stockholm
    787 1912 Summer Shooting Stockholm
    374 1912 Summer Fencing Stockholm
    308 1912 Summer Gymnastics Stockholm
    242 1912 Summer Cycling Stockholm
    199 1912 Summer Swimming Stockholm
    183 1912 Summer Rowing Stockholm
    171 1912 Summer Tennis Stockholm
    167 1912 Summer Wrestling Stockholm
    162 1912 Summer Football Stockholm
    119 1912 Summer Equestrianism Stockholm
    109 1912 Summer Sailing Stockholm
     83 1912 Summer Diving Stockholm
     60 1912 Summer 1912 Stockholm Summer
     44 1912 Summer Water Polo Stockholm
     33 1912 Summer Art Competitions Stockholm
     31 1912 Summer Modern Pentathlon Stockholm
     16 1912 Summer Tug-Of-War Stockholm
    847 1920 Summer Athletics Antwerpen
    821 1920 Summer Shooting Antwerpen
    349 1920 Summer Fencing Antwerpen
    263 1920 Summer Gymnastics Antwerpen
    212 1920 Summer Cycling Antwerpen
    192 1920 Summer Swimming Antwerpen
    189 1920 Summer Football Antwerpen
    159 1920 Summer Wrestling Antwerpen
    153 1920 Summer Tennis Antwerpen
    139 1920 Summer Rowing Antwerpen
    127 1920 Summer Equestrianism Antwerpen
    115 1920 Summer Boxing Antwerpen
     98 1920 Summer Sailing Antwerpen
     98 1920 Summer Water Polo Antwerpen
     85 1920 Summer Archery Antwerpen
     67 1920 Summer Diving Antwerpen
     65 1920 Summer 1920 Antwerpen Summer
     59 1920 Summer Ice Hockey Antwerpen
     53 1920 Summer Weightlifting Antwerpen
     51 1920 Summer Hockey Antwerpen
     40 1920 Summer Tug-Of-War Antwerpen
     29 1920 Summer Figure Skating Antwerpen
     28 1920 Summer Rugby Antwerpen
     23 1920 Summer Modern Pentathlon Antwerpen
     17 1920 Summer Polo Antwerpen
     11 1920 Summer Art Competitions Antwerpen
    995 1924 Summer Athletics Paris
    629 1924 Summer Gymnastics Paris
    505 1924 Summer Shooting Paris
    423 1924 Summer Fencing Paris
    316 1924 Summer Art Competitions Paris
    278 1924 Summer Football Paris
    251 1924 Summer Swimming Paris
    247 1924 Summer Cycling Paris
    245 1924 Summer Tennis Paris
    242 1924 Summer Wrestling Paris
    193 1924 Summer Rowing Paris
    192 1924 Summer Equestrianism Paris
    178 1924 Summer Boxing Paris
    107 1924 Summer Weightlifting Paris
     99 1924 Summer Water Polo Paris
     89 1924 Summer Diving Paris
     66 1924 Summer 1924 Paris Summer
     66 1924 Summer Sailing Paris
     52 1924 Summer Rugby Paris
     38 1924 Summer Modern Pentathlon Paris
     21 1924 Summer Polo Paris
    969 1928 Summer Athletics Amsterdam
    789 1928 Summer Art Competitions Amsterdam
    642 1928 Summer Gymnastics Amsterdam
    428 1928 Summer Fencing Amsterdam
    263 1928 Summer Swimming Amsterdam
    239 1928 Summer Rowing Amsterdam
    228 1928 Summer Equestrianism Amsterdam
    221 1928 Summer Cycling Amsterdam
    217 1928 Summer Football Amsterdam
    164 1928 Summer Wrestling Amsterdam
    143 1928 Summer Boxing Amsterdam
    137 1928 Summer Hockey Amsterdam
    125 1928 Summer Sailing Amsterdam
    110 1928 Summer Water Polo Amsterdam
    107 1928 Summer 1928 Amsterdam Summer
     93 1928 Summer Weightlifting Amsterdam
     72 1928 Summer Diving Amsterdam
     36 1928 Summer Modern Pentathlon Amsterdam
   1100 1932 Summer Art Competitions Los Angeles
    506 1932 Summer Athletics Los Angeles
    190 1932 Summer Fencing Los Angeles
    184 1932 Summer Swimming Los Angeles
    164 1932 Summer Rowing Los Angeles
    146 1932 Summer Gymnastics Los Angeles
    107 1932 Summer Cycling Los Angeles
     85 1932 Summer Wrestling Los Angeles
     83 1932 Summer Boxing Los Angeles
     77 1932 Summer 1932 Los Angeles Summer
     59 1932 Summer Equestrianism Los Angeles
     52 1932 Summer Sailing Los Angeles
     44 1932 Summer Shooting Los Angeles
     41 1932 Summer Water Polo Los Angeles
     36 1932 Summer Hockey Los Angeles
     35 1932 Summer Diving Los Angeles
     28 1932 Summer Weightlifting Los Angeles
     25 1932 Summer Modern Pentathlon Los Angeles
      2 1932 Summer Alpinism Los Angeles
    998 1936 Summer Athletics Berlin
    945 1936 Summer Gymnastics Berlin
    809 1936 Summer Art Competitions Berlin
    548 1936 Summer Fencing Berlin
    348 1936 Summer Swimming Berlin
    340 1936 Summer Rowing Berlin
    301 1936 Summer Cycling Berlin
    250 1936 Summer Equestrianism Berlin
    207 1936 Summer Wrestling Berlin
    201 1936 Summer Football Berlin
    198 1936 Summer Basketball Berlin
    178 1936 Summer Boxing Berlin
    165 1936 Summer Sailing Berlin
    164 1936 Summer Hockey Berlin
    162 1936 Summer Shooting Berlin
    143 1936 Summer Canoeing Berlin
    140 1936 Summer Water Polo Berlin
    105 1936 Summer Handball Berlin
     83 1936 Summer Diving Berlin
     79 1936 Summer Weightlifting Berlin
     73 1936 Summer 1936 Berlin Summer
     41 1936 Summer Modern Pentathlon Berlin
     19 1936 Summer Polo Berlin
      2 1936 Summer Alpinism Berlin
      1 1936 Summer Aeronautics Berlin
   1050 1948 Summer Gymnastics London
   1029 1948 Summer Athletics London
    505 1948 Summer Fencing London
    468 1948 Summer Art Competitions London
    376 1948 Summer Swimming London
    318 1948 Summer Cycling London
    312 1948 Summer Rowing London
    283 1948 Summer Basketball London
    226 1948 Summer Wrestling London
    216 1948 Summer Football London
    214 1948 Summer Shooting London
    203 1948 Summer Boxing London
    201 1948 Summer Equestrianism London
    185 1948 Summer Hockey London
    177 1948 Summer Sailing London
    155 1948 Summer Water Polo London
    134 1948 Summer Canoeing London
    119 1948 Summer Weightlifting London
    107 1948 Summer 1948 London Summer
     82 1948 Summer Diving London
     43 1948 Summer Modern Pentathlon London
   2347 1952 Summer Gymnastics Helsinki
   1306 1952 Summer Athletics Helsinki
    504 1952 Summer Fencing Helsinki
    466 1952 Summer Swimming Helsinki
    396 1952 Summer Rowing Helsinki
    389 1952 Summer Cycling Helsinki
    292 1952 Summer Football Helsinki
    291 1952 Summer Basketball Helsinki
    286 1952 Summer Shooting Helsinki
    260 1952 Summer Wrestling Helsinki
    253 1952 Summer Equestrianism Helsinki
    248 1952 Summer Boxing Helsinki
    218 1952 Summer Sailing Helsinki
    190 1952 Summer Water Polo Helsinki
    182 1952 Summer Canoeing Helsinki
    156 1952 Summer Hockey Helsinki
    144 1952 Summer 1952 Helsinki Summer
    140 1952 Summer Weightlifting Helsinki
     97 1952 Summer Modern Pentathlon Helsinki
     96 1952 Summer Diving Helsinki
    983 1956 Summer Athletics Melbourne
    885 1956 Summer Gymnastics Melbourne
    340 1956 Summer Swimming Melbourne
    291 1956 Summer Cycling Melbourne
    289 1956 Summer Equestrianism Stockholm
    275 1956 Summer Fencing Melbourne
    253 1956 Summer Rowing Melbourne
    213 1956 Summer Shooting Melbourne
    193 1956 Summer Wrestling Melbourne
    170 1956 Summer Hockey Melbourne
    168 1956 Summer Basketball Melbourne
    160 1956 Summer Boxing Melbourne
    144 1956 Summer Canoeing Melbourne
    144 1956 Summer Sailing Melbourne
    143 1956 Summer Football Melbourne
    106 1956 Summer 1956 Melbourne Summer
    103 1956 Summer Weightlifting Melbourne
     94 1956 Summer Water Polo Melbourne
     82 1956 Summer Diving Melbourne
     72 1956 Summer Modern Pentathlon Melbourne
      9 1956 Summer 1956 Stockholm Summer
   1720 1960 Summer Gymnastics Roma
   1280 1960 Summer Athletics Roma
    625 1960 Summer Swimming Roma
    591 1960 Summer Fencing Roma
    424 1960 Summer Rowing Roma
    422 1960 Summer Cycling Roma
    384 1960 Summer Shooting Roma
    334 1960 Summer Wrestling Roma
    283 1960 Summer Sailing Roma
    278 1960 Summer Boxing Roma
    270 1960 Summer Equestrianism Roma
    236 1960 Summer Hockey Roma
    235 1960 Summer Football Roma
    211 1960 Summer Canoeing Roma
    190 1960 Summer Basketball Roma
    171 1960 Summer Weightlifting Roma
    148 1960 Summer Water Polo Roma
    111 1960 Summer 1960 Roma Summer
    109 1960 Summer Modern Pentathlon Roma
     96 1960 Summer Diving Roma
   1460 1964 Summer Gymnastics Tokyo
   1316 1964 Summer Athletics Tokyo
    718 1964 Summer Swimming Tokyo
    480 1964 Summer Fencing Tokyo
    447 1964 Summer Cycling Tokyo
    371 1964 Summer Rowing Tokyo
    304 1964 Summer Shooting Tokyo
    299 1964 Summer Wrestling Tokyo
    267 1964 Summer Boxing Tokyo
    225 1964 Summer Hockey Tokyo
    224 1964 Summer Equestrianism Tokyo
    219 1964 Summer Sailing Tokyo
    214 1964 Summer Football Tokyo
    188 1964 Summer Basketball Tokyo
    172 1964 Summer Volleyball Tokyo
    164 1964 Summer Canoeing Tokyo
    148 1964 Summer Weightlifting Tokyo
    137 1964 Summer Water Polo Tokyo
    108 1964 Summer 1964 Tokyo Summer
    100 1964 Summer Diving Tokyo
     72 1964 Summer Judo Tokyo
     68 1964 Summer Modern Pentathlon Tokyo
   1490 1968 Summer Gymnastics Mexico City
   1327 1968 Summer Athletics Mexico City
   1206 1968 Summer Swimming Mexico City
    487 1968 Summer Fencing Mexico City
    479 1968 Summer Cycling Mexico City
    402 1968 Summer Shooting Mexico City
    352 1968 Summer Rowing Mexico City
    332 1968 Summer Wrestling Mexico City
    306 1968 Summer Boxing Mexico City
    273 1968 Summer Football Mexico City
    253 1968 Summer Hockey Mexico City
    245 1968 Summer Sailing Mexico City
    227 1968 Summer Equestrianism Mexico City
    203 1968 Summer Canoeing Mexico City
    201 1968 Summer Volleyball Mexico City
    188 1968 Summer Basketball Mexico City
    161 1968 Summer Water Polo Mexico City
    159 1968 Summer Weightlifting Mexico City
    105 1968 Summer Diving Mexico City
     96 1968 Summer 1968 Mexico City Summer
     91 1968 Summer Modern Pentathlon Mexico City
   1652 1972 Summer Athletics Munich
   1544 1972 Summer Gymnastics Munich
   1229 1972 Summer Swimming Munich
    522 1972 Summer Cycling Munich
    497 1972 Summer Fencing Munich
    464 1972 Summer Shooting Munich
    433 1972 Summer Rowing Munich
    409 1972 Summer Wrestling Munich
    357 1972 Summer Canoeing Munich
    353 1972 Summer Boxing Munich
    318 1972 Summer Equestrianism Munich
    314 1972 Summer Sailing Munich
    268 1972 Summer Football Munich
    263 1972 Summer Hockey Munich
    241 1972 Summer Handball Munich
    231 1972 Summer Volleyball Munich
    189 1972 Summer Basketball Munich
    187 1972 Summer Weightlifting Munich
    175 1972 Summer Water Polo Munich
    166 1972 Summer Judo Munich
    156 1972 Summer 1972 Munich Summer
    124 1972 Summer Diving Munich
    114 1972 Summer Modern Pentathlon Munich
     93 1972 Summer Archery Munich
   1272 1976 Summer Athletics Montreal
   1186 1976 Summer Gymnastics Montreal
   1046 1976 Summer Swimming Montreal
    590 1976 Summer Rowing Montreal
    482 1976 Summer Fencing Montreal
    392 1976 Summer Cycling Montreal
    362 1976 Summer Shooting Montreal
    347 1976 Summer Wrestling Montreal
    339 1976 Summer Canoeing Montreal
    263 1976 Summer Boxing Montreal
    248 1976 Summer Sailing Montreal
    241 1976 Summer Equestrianism Montreal
    240 1976 Summer Handball Montreal
    215 1976 Summer Volleyball Montreal
    211 1976 Summer Basketball Montreal
    202 1976 Summer Football Montreal
    172 1976 Summer Hockey Montreal
    171 1976 Summer Weightlifting Montreal
    154 1976 Summer Judo Montreal
    129 1976 Summer Water Polo Montreal
    120 1976 Summer 1976 Montreal Summer
    104 1976 Summer Diving Montreal
     89 1976 Summer Modern Pentathlon Montreal
     64 1976 Summer Archery Montreal
   1258 1980 Summer Athletics Moskva
    861 1980 Summer Gymnastics Moskva
    746 1980 Summer Swimming Moskva
    484 1980 Summer Rowing Moskva
    317 1980 Summer Fencing Moskva
    307 1980 Summer Cycling Moskva
    271 1980 Summer Boxing Moskva
    270 1980 Summer Wrestling Moskva
    263 1980 Summer Shooting Moskva
    256 1980 Summer Football Moskva
    253 1980 Summer Canoeing Moskva
    247 1980 Summer Handball Moskva
    215 1980 Summer Basketball Moskva
    202 1980 Summer Volleyball Moskva
    193 1980 Summer Judo Moskva
    185 1980 Summer Hockey Moskva
    172 1980 Summer Weightlifting Moskva
    155 1980 Summer Sailing Moskva
    131 1980 Summer Water Polo Moskva
    118 1980 Summer Equestrianism Moskva
     86 1980 Summer Diving Moskva
     79 1980 Summer Modern Pentathlon Moskva
     67 1980 Summer Archery Moskva
     47 1980 Summer 1980 Moskva Summer
   1650 1984 Summer Athletics Los Angeles
   1221 1984 Summer Swimming Los Angeles
    930 1984 Summer Gymnastics Los Angeles
    530 1984 Summer Shooting Los Angeles
    475 1984 Summer Cycling Los Angeles
    461 1984 Summer Rowing Los Angeles
    423 1984 Summer Fencing Los Angeles
    353 1984 Summer Boxing Los Angeles
    293 1984 Summer Canoeing Los Angeles
    292 1984 Summer Sailing Los Angeles
    286 1984 Summer Hockey Los Angeles
    286 1984 Summer Wrestling Los Angeles
    275 1984 Summer Equestrianism Los Angeles
    257 1984 Summer Handball Los Angeles
    245 1984 Summer Football Los Angeles
    211 1984 Summer Basketball Los Angeles
    211 1984 Summer Judo Los Angeles
    208 1984 Summer Volleyball Los Angeles
    185 1984 Summer Weightlifting Los Angeles
    152 1984 Summer Water Polo Los Angeles
    109 1984 Summer Archery Los Angeles
    101 1984 Summer Diving Los Angeles
    101 1984 Summer Modern Pentathlon Los Angeles
     84 1984 Summer Synchronized Swimming Los Angeles
     82 1984 Summer 1984 Los Angeles Summer
     33 1984 Summer Rhythmic Gymnastics Los Angeles
   2018 1988 Summer Athletics Seoul
   1611 1988 Summer Swimming Seoul
   1203 1988 Summer Gymnastics Seoul
    617 1988 Summer Rowing Seoul
    538 1988 Summer Shooting Seoul
    518 1988 Summer Cycling Seoul
    505 1988 Summer Fencing Seoul
    457 1988 Summer Wrestling Seoul
    431 1988 Summer Boxing Seoul
    386 1988 Summer Canoeing Seoul
    369 1988 Summer Sailing Seoul
    318 1988 Summer Equestrianism Seoul
    313 1988 Summer Hockey Seoul
    280 1988 Summer Handball Seoul
    270 1988 Summer Football Seoul
    251 1988 Summer Archery Seoul
    243 1988 Summer Judo Seoul
    239 1988 Summer Volleyball Seoul
    230 1988 Summer Basketball Seoul
    226 1988 Summer Weightlifting Seoul
    204 1988 Summer Table Tennis Seoul
    199 1988 Summer Tennis Seoul
    156 1988 Summer Water Polo Seoul
    116 1988 Summer Modern Pentathlon Seoul
    115 1988 Summer 1988 Seoul Summer
    108 1988 Summer Diving Seoul
     76 1988 Summer Synchronized Swimming Seoul
     38 1988 Summer Rhythmic Gymnastics Seoul
   2023 1992 Summer Athletics Barcelona
   1598 1992 Summer Swimming Barcelona
   1241 1992 Summer Gymnastics Barcelona
    652 1992 Summer Rowing Barcelona
    585 1992 Summer Canoeing Barcelona
    566 1992 Summer Cycling Barcelona
    556 1992 Summer Shooting Barcelona
    454 1992 Summer Fencing Barcelona
    437 1992 Summer Sailing Barcelona
    432 1992 Summer Judo Barcelona
    400 1992 Summer Equestrianism Barcelona
    371 1992 Summer Wrestling Barcelona
    335 1992 Summer Boxing Barcelona
    314 1992 Summer Hockey Barcelona
    290 1992 Summer Handball Barcelona
    272 1992 Summer Football Barcelona
    248 1992 Summer Tennis Barcelona
    246 1992 Summer Table Tennis Barcelona
    244 1992 Summer Weightlifting Barcelona
    243 1992 Summer Archery Barcelona
    235 1992 Summer Basketball Barcelona
    230 1992 Summer Volleyball Barcelona
    225 1992 Summer Badminton Barcelona
    157 1992 Summer Baseball Barcelona
    152 1992 Summer Water Polo Barcelona
    115 1992 Summer Modern Pentathlon Barcelona
    112 1992 Summer Diving Barcelona
    109 1992 Summer 1992 Barcelona Summer
     89 1992 Summer Synchronized Swimming Barcelona
     42 1992 Summer Rhythmic Gymnastics Barcelona
   2361 1996 Summer Athletics Atlanta
   1616 1996 Summer Swimming Atlanta
   1385 1996 Summer Gymnastics Atlanta
    620 1996 Summer Rowing Atlanta
    605 1996 Summer Shooting Atlanta
    584 1996 Summer Cycling Atlanta
    572 1996 Summer Canoeing Atlanta
    455 1996 Summer Sailing Atlanta
    400 1996 Summer Wrestling Atlanta
    387 1996 Summer Football Atlanta
    387 1996 Summer Judo Atlanta
    382 1996 Summer Fencing Atlanta
    351 1996 Summer Boxing Atlanta
    341 1996 Summer Equestrianism Atlanta
    319 1996 Summer Hockey Atlanta
    299 1996 Summer Handball Atlanta
    283 1996 Summer Basketball Atlanta
    274 1996 Summer Volleyball Atlanta
    263 1996 Summer Badminton Atlanta
    251 1996 Summer Table Tennis Atlanta
    243 1996 Summer Tennis Atlanta
    243 1996 Summer Weightlifting Atlanta
    218 1996 Summer Archery Atlanta
    160 1996 Summer Baseball Atlanta
    152 1996 Summer Water Polo Atlanta
    139 1996 Summer Diving Atlanta
    120 1996 Summer Softball Atlanta
     94 1996 Summer 1996 Atlanta Summer
     89 1996 Summer Rhythmic Gymnastics Atlanta
     84 1996 Summer Beach Volleyball Atlanta
     72 1996 Summer Synchronized Swimming Atlanta
     31 1996 Summer Modern Pentathlon Atlanta
   2444 2000 Summer Athletics Sydney
   1728 2000 Summer Swimming Sydney
   1144 2000 Summer Gymnastics Sydney
    619 2000 Summer Cycling Sydney
    595 2000 Summer Shooting Sydney
    559 2000 Summer Rowing Sydney
    446 2000 Summer Canoeing Sydney
    399 2000 Summer Sailing Sydney
    398 2000 Summer Judo Sydney
    389 2000 Summer Football Sydney
    350 2000 Summer Hockey Sydney
    345 2000 Summer Fencing Sydney
    322 2000 Summer Handball Sydney
    314 2000 Summer Wrestling Sydney
    305 2000 Summer Boxing Sydney
    295 2000 Summer Equestrianism Sydney
    284 2000 Summer Basketball Sydney
    277 2000 Summer Volleyball Sydney
    266 2000 Summer Table Tennis Sydney
    248 2000 Summer Tennis Sydney
    245 2000 Summer Weightlifting Sydney
    238 2000 Summer Diving Sydney
    231 2000 Summer Water Polo Sydney
    225 2000 Summer Badminton Sydney
    204 2000 Summer Archery Sydney
    192 2000 Summer Baseball Sydney
    120 2000 Summer Softball Sydney
    117 2000 Summer Synchronized Swimming Sydney
    101 2000 Summer Taekwondo Sydney
    100 2000 Summer Triathlon Sydney
     95 2000 Summer Beach Volleyball Sydney
     84 2000 Summer Rhythmic Gymnastics Sydney
     65 2000 Summer 2000 Sydney Summer
     48 2000 Summer Modern Pentathlon Sydney
     24 2000 Summer Trampolining Sydney
   2163 2004 Summer Athletics Athina
   1604 2004 Summer Swimming Athina
   1151 2004 Summer Gymnastics Athina
    621 2004 Summer Cycling Athina
    556 2004 Summer Rowing Athina
    556 2004 Summer Shooting Athina
    430 2004 Summer Canoeing Athina
    424 2004 Summer Football Athina
    400 2004 Summer Sailing Athina
    384 2004 Summer Judo Athina
    371 2004 Summer Equestrianism Athina
    352 2004 Summer Hockey Athina
    341 2004 Summer Wrestling Athina
    328 2004 Summer Handball Athina
    323 2004 Summer Fencing Athina
    284 2004 Summer Basketball Athina
    283 2004 Summer Volleyball Athina
    280 2004 Summer Boxing Athina
    258 2004 Summer Table Tennis Athina
    255 2004 Summer Water Polo Athina
    252 2004 Summer Tennis Athina
    248 2004 Summer Weightlifting Athina
    212 2004 Summer Archery Athina
    200 2004 Summer Badminton Athina
    196 2004 Summer Diving Athina
    191 2004 Summer Baseball Athina
    123 2004 Summer Taekwondo Athina
    118 2004 Summer Softball Athina
    117 2004 Summer Synchronized Swimming Athina
     99 2004 Summer Triathlon Athina
     96 2004 Summer Beach Volleyball Athina
     84 2004 Summer Rhythmic Gymnastics Athina
     64 2004 Summer Modern Pentathlon Athina
     45 2004 Summer 2004 Athina Summer
     32 2004 Summer Trampolining Athina
   2234 2008 Summer Athletics Beijing
   1734 2008 Summer Swimming Beijing
    996 2008 Summer Gymnastics Beijing
    651 2008 Summer Cycling Beijing
    576 2008 Summer Shooting Beijing
    559 2008 Summer Rowing Beijing
    468 2008 Summer Football Beijing
    435 2008 Summer Canoeing Beijing
    398 2008 Summer Sailing Beijing
    387 2008 Summer Hockey Beijing
    385 2008 Summer Judo Beijing
    343 2008 Summer Handball Beijing
    343 2008 Summer Wrestling Beijing
    340 2008 Summer Equestrianism Beijing
    332 2008 Summer Fencing Beijing
    284 2008 Summer Basketball Beijing
    283 2008 Summer Boxing Beijing
    281 2008 Summer Volleyball Beijing
    256 2008 Summer Water Polo Beijing
    254 2008 Summer Tennis Beijing
    252 2008 Summer Weightlifting Beijing
    249 2008 Summer Table Tennis Beijing
    194 2008 Summer Archery Beijing
    191 2008 Summer Baseball Beijing
    184 2008 Summer Badminton Beijing
    182 2008 Summer Diving Beijing
    126 2008 Summer Taekwondo Beijing
    120 2008 Summer Softball Beijing
    117 2008 Summer Synchronized Swimming Beijing
    110 2008 Summer Triathlon Beijing
     96 2008 Summer Beach Volleyball Beijing
     95 2008 Summer Rhythmic Gymnastics Beijing
     72 2008 Summer Modern Pentathlon Beijing
     43 2008 Summer 2008 Beijing Summer
     32 2008 Summer Trampolining Beijing
   2265 2012 Summer Athletics London
   1525 2012 Summer Swimming London
    848 2012 Summer Gymnastics London
    629 2012 Summer Cycling London
    559 2012 Summer Shooting London
    550 2012 Summer Rowing London
    467 2012 Summer Football London
    418 2012 Summer Canoeing London
    387 2012 Summer Hockey London
    383 2012 Summer Judo London
    379 2012 Summer Sailing London
    348 2012 Summer Equestrianism London
    347 2012 Summer Handball London
    345 2012 Summer Fencing London
    339 2012 Summer Wrestling London
    287 2012 Summer Volleyball London
    283 2012 Summer Tennis London
    282 2012 Summer Basketball London
    282 2012 Summer Boxing London
    257 2012 Summer Water Polo London
    252 2012 Summer Weightlifting London
    236 2012 Summer Table Tennis London
    200 2012 Summer Archery London
    182 2012 Summer Badminton London
    181 2012 Summer Diving London
    128 2012 Summer Taekwondo London
    117 2012 Summer Synchronized Swimming London
    110 2012 Summer Triathlon London
     96 2012 Summer Beach Volleyball London
     95 2012 Summer Rhythmic Gymnastics London
     72 2012 Summer Modern Pentathlon London
     39 2012 Summer 2012 London Summer
     32 2012 Summer Trampolining London
   2504 2016 Summer Athletics Rio de Janeiro
   1559 2016 Summer Swimming Rio de Janeiro
    861 2016 Summer Gymnastics Rio de Janeiro
    666 2016 Summer Cycling Rio de Janeiro
    552 2016 Summer Shooting Rio de Janeiro
    549 2016 Summer Rowing Rio de Janeiro
    473 2016 Summer Football Rio de Janeiro
    441 2016 Summer Canoeing Rio de Janeiro
    390 2016 Summer Hockey Rio de Janeiro
    389 2016 Summer Judo Rio de Janeiro
    380 2016 Summer Sailing Rio de Janeiro
    355 2016 Summer Equestrianism Rio de Janeiro
    353 2016 Summer Handball Rio de Janeiro
    346 2016 Summer Fencing Rio de Janeiro
    346 2016 Summer Wrestling Rio de Janeiro
    299 2016 Summer Rugby Sevens Rio de Janeiro
    286 2016 Summer Tennis Rio de Janeiro
    283 2016 Summer Volleyball Rio de Janeiro
    281 2016 Summer Boxing Rio de Janeiro
    279 2016 Summer Basketball Rio de Janeiro
    258 2016 Summer Water Polo Rio de Janeiro
    255 2016 Summer Weightlifting Rio de Janeiro
    236 2016 Summer Table Tennis Rio de Janeiro
    200 2016 Summer Archery Rio de Janeiro
    178 2016 Summer Diving Rio de Janeiro
    177 2016 Summer Badminton Rio de Janeiro
    126 2016 Summer Taekwondo Rio de Janeiro
    119 2016 Summer Golf Rio de Janeiro
    118 2016 Summer Synchronized Swimming Rio de Janeiro
    110 2016 Summer Triathlon Rio de Janeiro
     96 2016 Summer Beach Volleyball Rio de Janeiro
     96 2016 Summer Rhythmic Gymnastics Rio de Janeiro
     72 2016 Summer Modern Pentathlon Rio de Janeiro
     32 2016 Summer Trampolining Rio de Janeiro
     23 2016 Summer 2016 Rio de Janeiro Summer
   2316 2020 Summer Athletics Tokyo
   1620 2020 Summer Swimming Tokyo
   1060 2020 Summer Artistic Gymnastics Tokyo
    608 2020 Summer Football Tokyo
    577 2020 Summer Shooting Tokyo
    525 2020 Summer Rowing Tokyo
    516 2020 Summer Judo Tokyo
    432 2020 Summer Hockey Tokyo
    419 2020 Summer Equestrian Tokyo
    418 2020 Summer Cycling Track Tokyo
    412 2020 Summer Canoe Sprint Tokyo
    405 2020 Summer Fencing Tokyo
    368 2020 Summer Handball Tokyo
    347 2020 Summer Sailing Tokyo
    312 2020 Summer Rugby Sevens Tokyo
    290 2020 Summer Tennis Tokyo
    289 2020 Summer Boxing Tokyo
    289 2020 Summer Wrestling Tokyo
    288 2020 Summer Basketball Tokyo
    288 2020 Summer Volleyball Tokyo
    286 2020 Summer Water Polo Tokyo
    258 2020 Summer Archery Tokyo
    258 2020 Summer Cycling Road Tokyo
    251 2020 Summer Table Tennis Tokyo
    234 2020 Summer Baseball/Softball Tokyo
    197 2020 Summer Weightlifting Tokyo
    181 2020 Summer Triathlon Tokyo
    179 2020 Summer Diving Tokyo
    177 2020 Summer Badminton Tokyo
    130 2020 Summer Taekwondo Tokyo
    124 2020 Summer Artistic Swimming Tokyo
    119 2020 Summer Golf Tokyo
     96 2020 Summer Beach Volleyball Tokyo
     96 2020 Summer Rhythmic Gymnastics Tokyo
     91 2020 Summer Canoe Slalom Tokyo
     80 2020 Summer Karate Tokyo
     80 2020 Summer Skateboarding Tokyo
     76 2020 Summer Cycling Mountain Bike Tokyo
     72 2020 Summer Modern Pentathlon Tokyo
     65 2020 Summer 2020 Tokyo Summer
     64 2020 Summer 3x3 Basketball Tokyo
     50 2020 Summer Marathon Swimming Tokyo
     48 2020 Summer Cycling BMX Racing Tokyo
     40 2020 Summer Sport Climbing Tokyo
     40 2020 Summer Surfing Tokyo
     32 2020 Summer Trampoline Gymnastics Tokyo
     18 2020 Summer Cycling BMX Freestyle Tokyo
      1 AUS 1960 Summer Summer 1960
      1 BEL 1928 Summer Summer 1928
      1 CAN 1936 Summer Summer 1936
      2 EUN 1992 Summer Summer 1992
      2 FRA 1920 Summer Summer 1920
      2 FRA 1972 Summer Summer 1972
      1 FRA 1948 Summer Summer 1948
      1 FRA 1976 Summer Summer 1976
      8 GBR 1980 Summer Summer 1980
      2 GBR 1992 Summer Summer 1992
      1 GBR 1976 Summer Summer 1976
      3 GDR 1968 Summer Summer 1968
      3 GDR 1972 Summer Summer 1972
      3 GER 1900 Summer Summer 1900
      1 GER 1936 Summer Summer 1936
      9 HUN 1952 Summer Summer 1952
      9 HUN 1956 Summer Summer 1956
      2 NED 1932 Summer Summer 1932
      2 NED 1936 Summer Summer 1936
      1 NOR 1904 Summer Summer 1904
      5 POL 1928 Summer Summer 1928
      2 POL 1936 Summer Summer 1936
      1 POL 1932 Summer Summer 1932
      1 POL 1956 Summer Summer 1956
      1 ROU 1964 Summer Summer 1964
      5 USA 2000 Summer Summer 2000
      3 USA 1904 Summer Summer 1904
      2 USA 1928 Summer Summer 1928
      2 USA 1968 Summer Summer 1968
      2 USA 1988 Summer Summer 1988
      2 USA 2004 Summer Summer 2004
      1 USA 1900 Summer Summer 1900
      1 USA 1924 Summer Summer 1924
      1 USA 1932 Summer Summer 1932
      1 USA 1948 Summer Summer 1948
      1 United States USA 1928 1928 Summer
      1 United States USA 1932 1932 Summer
[1;33m[2024-05-19 10:41:20,335 [31mINFO [32magent/135-MainProcess[1;33m] [0mRESPONSE: Thought: The provided observation output is the filtered data which includes the unique number of events for each edition of the Summer Olympics, along with the year, season, and host city. The first column represents the number of times an event was held during that edition of the Games.

This data needs to be processed and compiled into 'allEvents.csv'. Each row in this new CSV should include the edition of the Olympics (e.g., '1896 Summer'), the host city, and the total number of events conducted during that edition. To achieve this, I will write a script that processes the observation output, aggregates the number of events per edition, and outputs this information in the correct CSV format. However, before writing the script, it would be good to save the data into a temporary file for processing.

Action: CreateFile(filepath="temp_summer_events.txt"):
```
106 1896 Summer Athletics Athina
97 1896 Summer Gymnastics Athina
65 1896 Summer Shooting Athina
41 1896 Summer Cycling Athina
23 1896 Summer Tennis Athina
18 1896 Summer Swimming Athina
15 1896 Summer Fencing Athina
10 1896 Summer Weightlifting Athina
5 1896 Summer Wrestling Athina
317 1900 Summer Fencing Paris
277 1900 Summer Sailing Paris
...
1 United States USA 1928 1928 Summer
1 United States USA 1932 1932 Summer
```
[1;33m[2024-05-19 10:41:20,335 [31mINFO [32mrun/137-MainProcess[1;33m] [0mStep 10: CreateFile(filepath="temp_summer_events.txt"):
```
106 1896 Summer Athletics Athina
97 1896 Summer Gymnastics Athina
65 1896 Summer Shooting Athina
41 1896 Summer Cycling Athina
23 1896 Summer Tennis Athina
18 1896 Summer Swimming Athina
15 1896 Summer Fencing Athina
10 1896 Summer Weightlifting Athina
5 1896 Summer Wrestling Athina
317 1900 Summer Fencing Paris
277 1900 Summer Sailing Paris
...
1 United States USA 1928 1928 Summer
1 United States USA 1932 1932 Summer
```
[1;33m[2024-05-19 10:41:20,335 [31mINFO [32magent/561-MainProcess[1;33m] [0mObservation: File created successfully in temp_summer_events.txt
[1;33m[2024-05-19 10:41:32,253 [31mINFO [32magent/135-MainProcess[1;33m] [0mRESPONSE: Thought: Now that the temporary file containing the Summer Olympics data has been created, I can write a script to process this file, sum up the number of events for each Olympic edition, and output the results in the correct format for 'allEvents.csv'. This will involve parsing the data, aggregating it, and formatting it accordingly.

Action: ExecuteCode(code="awk '{count[$3]+=1; city[$3]=$4; year[$3]=$2} END {for (edition in count) print year[edition], edition, city[edition], count[edition]}' temp_summer_events.txt | sort > summer_events_aggregated.txt")
[1;33m[2024-05-19 10:41:32,253 [31mINFO [32mrun/137-MainProcess[1;33m] [0mStep 11: ExecuteCode(code="awk '{count[$3]+=1; city[$3]=$4; year[$3]=$2} END {for (edition in count) print year[edition], edition, city[edition], count[edition]}' temp_summer_events.txt | sort > summer_events_aggregated.txt")
[1;33m[2024-05-19 10:41:32,314 [31mINFO [32magent/561-MainProcess[1;33m] [0mObservation: code executed successfully.
[1;33m[2024-05-19 10:41:37,184 [31mINFO [32magent/135-MainProcess[1;33m] [0mRESPONSE: Thought: The aggregation of the Summer Olympics data has been completed successfully, and the aggregated results are sorted and saved in 'summer_events_aggregated.txt'. I will now need to do the same for the Winter Olympics data. I will start by extracting the details for each edition of the Winter Olympics, including the year, host city, and the total number of unique events.

Action: ExecuteCode(code="awk -F',' 'NR>1 {print $8,$9,$11,$10}' Athletes_winter_games.csv | sort | uniq -c | sort -k2,2 -k1,1nr")
[1;33m[2024-05-19 10:41:37,185 [31mINFO [32mrun/137-MainProcess[1;33m] [0mStep 12: ExecuteCode(code="awk -F',' 'NR>1 {print $8,$9,$11,$10}' Athletes_winter_games.csv | sort | uniq -c | sort -k2,2 -k1,1nr")
[1;33m[2024-05-19 10:41:37,296 [31mINFO [32magent/561-MainProcess[1;33m] [0mObservation: 110 1924 Winter Speed Skating Chamonix
     81 1924 Winter Ice Hockey Chamonix
     74 1924 Winter Cross Country Skiing Chamonix
     39 1924 Winter Bobsleigh Chamonix
     35 1924 Winter Figure Skating Chamonix
     30 1924 Winter Nordic Combined Chamonix
     27 1924 Winter Ski Jumping Chamonix
     24 1924 Winter Military Ski Patrol Chamonix
     21 1924 Winter Alpinism Chamonix
     16 1924 Winter Curling Chamonix
      2 1924 Winter 1924 Chamonix Winter
    123 1928 Winter Ice Hockey Sankt Moritz
    114 1928 Winter Bobsleigh Sankt Moritz
    106 1928 Winter Speed Skating Sankt Moritz
     90 1928 Winter Cross Country Skiing Sankt Moritz
     60 1928 Winter Figure Skating Sankt Moritz
     38 1928 Winter Ski Jumping Sankt Moritz
     35 1928 Winter Nordic Combined Sankt Moritz
     10 1928 Winter Skeleton Sankt Moritz
      5 1928 Winter 1928 Sankt Moritz Winter
     73 1932 Winter Cross Country Skiing Lake Placid
     70 1932 Winter Speed Skating Lake Placid
     51 1932 Winter Bobsleigh Lake Placid
     44 1932 Winter Ice Hockey Lake Placid
     37 1932 Winter Figure Skating Lake Placid
     34 1932 Winter Ski Jumping Lake Placid
     33 1932 Winter Nordic Combined Lake Placid
      9 1932 Winter 1932 Lake Placid Winter
    174 1936 Winter Cross Country Skiing Garmisch-Partenkirchen
    169 1936 Winter Ice Hockey Garmisch-Partenkirchen
    140 1936 Winter Speed Skating Garmisch-Partenkirchen
    115 1936 Winter Bobsleigh Garmisch-Partenkirchen
     96 1936 Winter Alpine Skiing Garmisch-Partenkirchen
     79 1936 Winter Figure Skating Garmisch-Partenkirchen
     49 1936 Winter Nordic Combined Garmisch-Partenkirchen
     48 1936 Winter Ski Jumping Garmisch-Partenkirchen
     23 1936 Winter 1936 Garmisch-Partenkirchen Winter
    351 1948 Winter Alpine Skiing Sankt Moritz
    154 1948 Winter Speed Skating Sankt Moritz
    153 1948 Winter Cross Country Skiing Sankt Moritz
    137 1948 Winter Ice Hockey Sankt Moritz
     89 1948 Winter Bobsleigh Sankt Moritz
     68 1948 Winter Figure Skating Sankt Moritz
     49 1948 Winter Ski Jumping Sankt Moritz
     38 1948 Winter Nordic Combined Sankt Moritz
     21 1948 Winter 1948 Sankt Moritz Winter
     15 1948 Winter Skeleton Sankt Moritz
    360 1952 Winter Alpine Skiing Oslo
    184 1952 Winter Cross Country Skiing Oslo
    145 1952 Winter Ice Hockey Oslo
    145 1952 Winter Speed Skating Oslo
     93 1952 Winter Bobsleigh Oslo
     58 1952 Winter Figure Skating Oslo
     44 1952 Winter Ski Jumping Oslo
     35 1952 Winter 1952 Oslo Winter
     24 1952 Winter Nordic Combined Oslo
    390 1956 Winter Alpine Skiing Cortina d'Ampezzo
    272 1956 Winter Cross Country Skiing Cortina d'Ampezzo
    178 1956 Winter Speed Skating Cortina d'Ampezzo
    167 1956 Winter Ice Hockey Cortina d'Ampezzo
    130 1956 Winter Bobsleigh Cortina d'Ampezzo
     54 1956 Winter Figure Skating Cortina d'Ampezzo
     51 1956 Winter Ski Jumping Cortina d'Ampezzo
     35 1956 Winter Nordic Combined Cortina d'Ampezzo
     28 1956 Winter 1956 Cortina d'Ampezzo Winter
    311 1960 Winter Alpine Skiing Squaw Valley
    247 1960 Winter Speed Skating Squaw Valley
    215 1960 Winter Cross Country Skiing Squaw Valley
    149 1960 Winter Ice Hockey Squaw Valley
     67 1960 Winter Figure Skating Squaw Valley
     45 1960 Winter Ski Jumping Squaw Valley
     31 1960 Winter Nordic Combined Squaw Valley
     30 1960 Winter Biathlon Squaw Valley
     21 1960 Winter 1960 Squaw Valley Winter
    405 1964 Winter Alpine Skiing Innsbruck
    327 1964 Winter Cross Country Skiing Innsbruck
    285 1964 Winter Speed Skating Innsbruck
    267 1964 Winter Ice Hockey Innsbruck
    117 1964 Winter Bobsleigh Innsbruck
    105 1964 Winter Ski Jumping Innsbruck
     85 1964 Winter Figure Skating Innsbruck
     85 1964 Winter Luge Innsbruck
     51 1964 Winter Biathlon Innsbruck
     31 1964 Winter Nordic Combined Innsbruck
     19 1964 Winter 1964 Innsbruck Winter
    415 1968 Winter Alpine Skiing Grenoble
    336 1968 Winter Cross Country Skiing Grenoble
    278 1968 Winter Speed Skating Grenoble
    245 1968 Winter Ice Hockey Grenoble
    119 1968 Winter Bobsleigh Grenoble
    116 1968 Winter Biathlon Grenoble
    114 1968 Winter Ski Jumping Grenoble
    106 1968 Winter Luge Grenoble
     90 1968 Winter Figure Skating Grenoble
     41 1968 Winter Nordic Combined Grenoble
     30 1968 Winter 1968 Grenoble Winter
    335 1972 Winter Cross Country Skiing Sapporo
    319 1972 Winter Alpine Skiing Sapporo
    237 1972 Winter Speed Skating Sapporo
    206 1972 Winter Ice Hockey Sapporo
    108 1972 Winter Bobsleigh Sapporo
    106 1972 Winter Ski Jumping Sapporo
    104 1972 Winter Biathlon Sapporo
    103 1972 Winter Luge Sapporo
     62 1972 Winter Figure Skating Sapporo
     39 1972 Winter Nordic Combined Sapporo
     36 1972 Winter 1972 Sapporo Winter
    395 1976 Winter Cross Country Skiing Innsbruck
    390 1976 Winter Alpine Skiing Innsbruck
    241 1976 Winter Speed Skating Innsbruck
    214 1976 Winter Ice Hockey Innsbruck
    132 1976 Winter Bobsleigh Innsbruck
    117 1976 Winter Luge Innsbruck
    112 1976 Winter Biathlon Innsbruck
    109 1976 Winter Ski Jumping Innsbruck
     99 1976 Winter Figure Skating Innsbruck
     33 1976 Winter Nordic Combined Innsbruck
     18 1976 Winter 1976 Innsbruck Winter
    325 1980 Winter Alpine Skiing Lake Placid
    306 1980 Winter Cross Country Skiing Lake Placid
    293 1980 Winter Speed Skating Lake Placid
    238 1980 Winter Ice Hockey Lake Placid
    153 1980 Winter Biathlon Lake Placid
    105 1980 Winter Bobsleigh Lake Placid
     97 1980 Winter Ski Jumping Lake Placid
     92 1980 Winter Luge Lake Placid
     82 1980 Winter Figure Skating Lake Placid
     30 1980 Winter Nordic Combined Lake Placid
     25 1980 Winter 1980 Lake Placid Winter
    477 1984 Winter Cross Country Skiing Sarajevo
    397 1984 Winter Alpine Skiing Sarajevo
    324 1984 Winter Speed Skating Sarajevo
    239 1984 Winter Ice Hockey Sarajevo
    193 1984 Winter Biathlon Sarajevo
    150 1984 Winter Bobsleigh Sarajevo
    112 1984 Winter Figure Skating Sarajevo
    111 1984 Winter Ski Jumping Sarajevo
     88 1984 Winter Luge Sarajevo
     28 1984 Winter Nordic Combined Sarajevo
     15 1984 Winter 1984 Sarajevo Winter
    660 1988 Winter Alpine Skiing Calgary
    526 1988 Winter Cross Country Skiing Calgary
    322 1988 Winter Speed Skating Calgary
    264 1988 Winter Ice Hockey Calgary
    207 1988 Winter Biathlon Calgary
    184 1988 Winter Bobsleigh Calgary
    157 1988 Winter Ski Jumping Calgary
    125 1988 Winter Figure Skating Calgary
     98 1988 Winter Luge Calgary
     75 1988 Winter Nordic Combined Calgary
     21 1988 Winter 1988 Calgary Winter
    746 1992 Winter Alpine Skiing Albertville
    711 1992 Winter Cross Country Skiing Albertville
    454 1992 Winter Biathlon Albertville
    351 1992 Winter Speed Skating Albertville
    266 1992 Winter Ice Hockey Albertville
    214 1992 Winter Bobsleigh Albertville
    171 1992 Winter Ski Jumping Albertville
    128 1992 Winter Figure Skating Albertville
    123 1992 Winter Short Track Speed Skating Albertville
     98 1992 Winter Luge Albertville
     78 1992 Winter Nordic Combined Albertville
     71 1992 Winter Freestyle Skiing Albertville
     24 1992 Winter 1992 Albertville Winter
    635 1994 Winter Cross Country Skiing Lillehammer
    542 1994 Winter Alpine Skiing Lillehammer
    415 1994 Winter Biathlon Lillehammer
    313 1994 Winter Speed Skating Lillehammer
    266 1994 Winter Ice Hockey Lillehammer
    204 1994 Winter Bobsleigh Lillehammer
    187 1994 Winter Short Track Speed Skating Lillehammer
    164 1994 Winter Ski Jumping Lillehammer
    126 1994 Winter Figure Skating Lillehammer
     99 1994 Winter Freestyle Skiing Lillehammer
     98 1994 Winter Luge Lillehammer
     89 1994 Winter Nordic Combined Lillehammer
     21 1994 Winter 1994 Lillehammer Winter
    730 1998 Winter Cross Country Skiing Nagano
    472 1998 Winter Alpine Skiing Nagano
    424 1998 Winter Ice Hockey Nagano
    413 1998 Winter Biathlon Nagano
    334 1998 Winter Speed Skating Nagano
    201 1998 Winter Bobsleigh Nagano
    190 1998 Winter Short Track Speed Skating Nagano
    176 1998 Winter Ski Jumping Nagano
    145 1998 Winter Figure Skating Nagano
    127 1998 Winter Snowboarding Nagano
    110 1998 Winter Freestyle Skiing Nagano
     97 1998 Winter Luge Nagano
     90 1998 Winter Nordic Combined Nagano
     80 1998 Winter Curling Nagano
     16 1998 Winter 1998 Nagano Winter
    774 2002 Winter Cross Country Skiing Salt Lake City
    564 2002 Winter Biathlon Salt Lake City
    558 2002 Winter Alpine Skiing Salt Lake City
    465 2002 Winter Ice Hockey Salt Lake City
    332 2002 Winter Speed Skating Salt Lake City
    251 2002 Winter Short Track Speed Skating Salt Lake City
    240 2002 Winter Bobsleigh Salt Lake City
    178 2002 Winter Ski Jumping Salt Lake City
    142 2002 Winter Figure Skating Salt Lake City
    125 2002 Winter Nordic Combined Salt Lake City
    118 2002 Winter Snowboarding Salt Lake City
    116 2002 Winter Luge Salt Lake City
    105 2002 Winter Freestyle Skiing Salt Lake City
     93 2002 Winter Curling Salt Lake City
     38 2002 Winter Skeleton Salt Lake City
     10 2002 Winter 2002 Salt Lake City Winter
    812 2006 Winter Cross Country Skiing Torino
    651 2006 Winter Biathlon Torino
    619 2006 Winter Alpine Skiing Torino
    441 2006 Winter Ice Hockey Torino
    379 2006 Winter Speed Skating Torino
    238 2006 Winter Short Track Speed Skating Torino
    202 2006 Winter Ski Jumping Torino
    198 2006 Winter Snowboarding Torino
    190 2006 Winter Bobsleigh Torino
    146 2006 Winter Figure Skating Torino
    138 2006 Winter Nordic Combined Torino
    116 2006 Winter Freestyle Skiing Torino
    107 2006 Winter Luge Torino
     91 2006 Winter Curling Torino
     42 2006 Winter Skeleton Torino
     12 2006 Winter 2006 Torino Winter
    719 2010 Winter Cross Country Skiing Vancouver
    685 2010 Winter Alpine Skiing Vancouver
    678 2010 Winter Biathlon Vancouver
    417 2010 Winter Ice Hockey Vancouver
    364 2010 Winter Speed Skating Vancouver
    273 2010 Winter Short Track Speed Skating Vancouver
    199 2010 Winter Bobsleigh Vancouver
    185 2010 Winter Snowboarding Vancouver
    172 2010 Winter Freestyle Skiing Vancouver
    170 2010 Winter Ski Jumping Vancouver
    145 2010 Winter Figure Skating Vancouver
    131 2010 Winter Nordic Combined Vancouver
    107 2010 Winter Luge Vancouver
     93 2010 Winter Curling Vancouver
     47 2010 Winter Skeleton Vancouver
     17 2010 Winter 2010 Vancouver Winter
    760 2014 Winter Cross Country Skiing Sochi
    726 2014 Winter Biathlon Sochi
    687 2014 Winter Alpine Skiing Sochi
    442 2014 Winter Ice Hockey Sochi
    368 2014 Winter Speed Skating Sochi
    308 2014 Winter Snowboarding Sochi
    267 2014 Winter Short Track Speed Skating Sochi
    264 2014 Winter Freestyle Skiing Sochi
    223 2014 Winter Bobsleigh Sochi
    219 2014 Winter Figure Skating Sochi
    200 2014 Winter Ski Jumping Sochi
    156 2014 Winter Luge Sochi
    128 2014 Winter Nordic Combined Sochi
     87 2014 Winter Curling Sochi
     46 2014 Winter Skeleton Sochi
     10 2014 Winter 2014 Sochi Winter
      1 GBR 1976 Winter Winter 1976
      1 GDR 1968 Winter Winter 1968
      1 GER 1964 Winter Winter 1964
      1 NOR 1924 Winter Winter 1924
      1 NOR 1928 Winter Winter 1928
      1 NOR 1932 Winter Winter 1932
      1 NOR 1936 Winter Winter 1936
      1 TCH 1936 Winter Winter 1936
      2 USA 1956 Winter Winter 1956
      1 USA 1992 Winter Winter 1992
      1 USA 1994 Winter Winter 1994
[1;33m[2024-05-19 10:41:48,348 [31mINFO [32magent/135-MainProcess[1;33m] [0mRESPONSE: Thought: The observation contains the filtered data for the Winter Olympics, similar to what was previously obtained for the Summer Olympics. It includes the number of times each event was held in each edition, along with the year, season, and host city. The data needs to be processed to aggregate the total number of events for each Winter Olympics edition.

I will now write the data into a temporary file for the Winter Olympics similar to the previous step for the Summer Olympics. Then I will process this temporary file to aggregate the data and combine it with the previously aggregated Summer Olympics data to complete 'allEvents.csv'.

Action: CreateFile(filepath="temp_winter_events.txt"):
```
110 1924 Winter Speed Skating Chamonix
81 1924 Winter Ice Hockey Chamonix
74 1924 Winter Cross Country Skiing Chamonix
39 1924 Winter Bobsleigh Chamonix
35 1924 Winter Figure Skating Chamonix
30 1924 Winter Nordic Combined Chamonix
27 1924 Winter Ski Jumping Chamonix
24 1924 Winter Military Ski Patrol Chamonix
21 1924 Winter Alpinism Chamonix
16 1924 Winter Curling Chamonix
2 1924 Winter 1924 Chamonix Winter
123 1928 Winter Ice Hockey Sankt Moritz
...
1 USA 1992 Winter Winter 1992
1 USA 1994 Winter Winter 1994
```
[1;33m[2024-05-19 10:41:48,348 [31mINFO [32mrun/137-MainProcess[1;33m] [0mStep 13: CreateFile(filepath="temp_winter_events.txt"):
```
110 1924 Winter Speed Skating Chamonix
81 1924 Winter Ice Hockey Chamonix
74 1924 Winter Cross Country Skiing Chamonix
39 1924 Winter Bobsleigh Chamonix
35 1924 Winter Figure Skating Chamonix
30 1924 Winter Nordic Combined Chamonix
27 1924 Winter Ski Jumping Chamonix
24 1924 Winter Military Ski Patrol Chamonix
21 1924 Winter Alpinism Chamonix
16 1924 Winter Curling Chamonix
2 1924 Winter 1924 Chamonix Winter
123 1928 Winter Ice Hockey Sankt Moritz
...
1 USA 1992 Winter Winter 1992
1 USA 1994 Winter Winter 1994
```
[1;33m[2024-05-19 10:41:48,348 [31mINFO [32magent/561-MainProcess[1;33m] [0mObservation: File created successfully in temp_winter_events.txt
[1;33m[2024-05-19 10:41:54,124 [31mINFO [32magent/135-MainProcess[1;33m] [0mRESPONSE: Thought: The temporary file containing the Winter Olympics data has been created successfully. Now I will write a script to process this file to sum up the number of events for each Olympic edition and format the results for inclusion in 'allEvents.csv'. This script will be similar to the one used for the Summer Olympics data.

Action: ExecuteCode(code="awk '{count[$3]+=1; city[$3]=$4; year[$3]=$2} END {for (edition in count) print year[edition], edition, city[edition], count[edition]}' temp_winter_events.txt | sort > winter_events_aggregated.txt")
[1;33m[2024-05-19 10:41:54,125 [31mINFO [32mrun/137-MainProcess[1;33m] [0mStep 14: ExecuteCode(code="awk '{count[$3]+=1; city[$3]=$4; year[$3]=$2} END {for (edition in count) print year[edition], edition, city[edition], count[edition]}' temp_winter_events.txt | sort > winter_events_aggregated.txt")
[1;33m[2024-05-19 10:41:54,185 [31mINFO [32magent/561-MainProcess[1;33m] [0mObservation: code executed successfully.
[1;33m[2024-05-19 10:41:58,445 [31mINFO [32magent/135-MainProcess[1;33m] [0mRESPONSE: Thought: Now that we have successfully aggregated and sorted the Winter Olympics data and saved it to 'winter_events_aggregated.txt', the next step is to combine both the aggregated Summer and Winter Olympics data into one file. This combined file will be used to create the 'allEvents.csv'.

Action: ExecuteCode(code="cat summer_events_aggregated.txt winter_events_aggregated.txt | sort > allEvents_aggregated.txt")
[1;33m[2024-05-19 10:41:58,445 [31mINFO [32mrun/137-MainProcess[1;33m] [0mStep 15: ExecuteCode(code='cat summer_events_aggregated.txt winter_events_aggregated.txt | sort > allEvents_aggregated.txt')
[1;33m[2024-05-19 10:41:58,510 [31mINFO [32magent/561-MainProcess[1;33m] [0mObservation: code executed successfully.
[1;33m[2024-05-19 10:41:58,756 [31mINFO [32msetup/56-MainProcess[1;33m] [0mSETUP: download_and_unzip_setup({'url': 'https://drive.usercontent.google.com/download?id=1amo3ibhMnZMkgq34thiLt6hhZRKnWlUV&export=download&authuser=0&confirm=t', 'path': '/workspace/gold.zip'})
[1;33m[2024-05-19 10:41:58,759 [31mERROR [32mspider2/236-MainProcess[1;33m] [0mFile not found!
[1;33m[2024-05-19 10:41:58,760 [31mINFO [32mrun/148-MainProcess[1;33m] [0mResult: 0.00
[1;33m[2024-05-19 10:41:58,760 [31mINFO [32mrun/152-MainProcess[1;33m] [0mAverage score: 0.0
