[1;33m[2024-05-19 10:35:39,961 [31mINFO [32mrun/88-MainProcess[1;33m] [0mArgs: Namespace(max_steps=15, max_trajectory_length=5, test_config_base_dir='evaluation_examples', model='azure', temperature=1.0, top_p=0.9, max_tokens=1500, stop_token=None, domain='all', test_all_meta_path='evaluation_examples/test_all.json', result_dir='./results')
[1;33m[2024-05-19 10:35:39,962 [31mINFO [32mspider2/88-MainProcess[1;33m] [0mInitializing...
[1;33m[2024-05-19 10:35:53,905 [31mINFO [32mspider2/199-MainProcess[1;33m] [0mConnected to container[name=spider2, id=d0a6f77b03d7dd5f25e4a24b2c0467adb72e4b302aac05f3b67c47c9e1d6ab7d] from image dabench-image ...
[1;33m[2024-05-19 10:35:53,905 [31mINFO [32mspider2/94-MainProcess[1;33m] [0mSetting up environment...
[1;33m[2024-05-19 10:35:53,948 [31mINFO [32msetup/49-MainProcess[1;33m] [0mSETUP: _download_setup({'files': [{'url': 'https://drive.usercontent.google.com/download?id=1WepA93KzCl__ZSv5iEqxHbxn6V4lekpb&export=download&authuser=0&confirm=t', 'path': '/workspace/regions.csv'}, {'url': 'https://drive.usercontent.google.com/download?id=1aADRErI186HiBLL7XUuhw-19j3iLbh9d&export=download&authuser=0&confirm=t', 'path': '/workspace/Athletes_winter_games.csv'}, {'url': 'https://drive.usercontent.google.com/download?id=1Sdf8gfuJuXUQsQaMmG_2iXDRNob1iVMN&export=download&authuser=0&confirm=t', 'path': '/workspace/Athletes_summer_games.csv'}]})
[1;33m[2024-05-19 10:35:55,950 [31mINFO [32mspider2/97-MainProcess[1;33m] [0mEnvironment setup complete.
[1;33m[2024-05-19 10:35:55,951 [31mINFO [32mrun/124-MainProcess[1;33m] [0mTask input:From the 'Olympics 124 years Dataset (till 2020)',  conduct an analysis to determine the total number of Games held for both the Summer and Winter Olympics, and record this information in 'allGames.csv'. Additionally, for each edition of both the Summer and Winter Olympics, identify the host city and the total number of events conducted. Compile this detailed information into 'allEvents.csv'.
[1;33m[2024-05-19 10:35:58,845 [31mINFO [32magent/135-MainProcess[1;33m] [0mRESPONSE: Thought: Before I proceed with the analysis, I need to explore the current working directory to find the 'Olympics 124 years Dataset (till 2020)' files. The dataset might be split across multiple files or contained within a single file, and it could be in various formats such as CSV, JSON, or others. Therefore, the first step is to list the contents of the current directory to locate the dataset.

Action: ExecuteCode(code="ls -l")
[1;33m[2024-05-19 10:35:58,846 [31mINFO [32mrun/137-MainProcess[1;33m] [0mStep 1: ExecuteCode(code='ls -l')
[1;33m[2024-05-19 10:35:58,930 [31mINFO [32magent/561-MainProcess[1;33m] [0mObservation: total 35208
-rw-r--r-- 1 570063388 500000513 29616629 May 19 10:35 Athletes_summer_games.csv
-rw-r--r-- 1 570063388 500000513  6424635 May 19 10:35 Athletes_winter_games.csv
-rw-r--r-- 1 570063388 500000513     4717 May 19 10:35 regions.csv
[1;33m[2024-05-19 10:36:06,461 [31mINFO [32magent/135-MainProcess[1;33m] [0mRESPONSE: Thought: The directory contains three CSV files: 'Athletes_summer_games.csv', 'Athletes_winter_games.csv', and 'regions.csv'. To determine the total number of Games held for both the Summer and Winter Olympics and to identify the host city and the total number of events for each edition, I will likely need to extract information from the 'Athletes_summer_games.csv' and 'Athletes_winter_games.csv' files. These files seem to contain data about the athletes who participated in the Summer and Winter Games, which might include information on the different editions of the Olympics. The 'regions.csv' file could potentially contain mapping information about the regions or countries, which might be useful later. However, first, I need to examine the contents of the 'Athletes_summer_games.csv' and 'Athletes_winter_games.csv' to understand the structure of the data and figure out how to extract the required information.

Action: ExecuteCode(code="head -n 5 Athletes_summer_games.csv")
[1;33m[2024-05-19 10:36:06,461 [31mINFO [32mrun/137-MainProcess[1;33m] [0mStep 2: ExecuteCode(code='head -n 5 Athletes_summer_games.csv')
[1;33m[2024-05-19 10:36:06,525 [31mINFO [32magent/561-MainProcess[1;33m] [0mObservation: ,Name,Sex,Age,Team,NOC,Games,Year,Season,City,Sport,Event,Medal
0,A Dijiang,M,24.0,China,CHN,1992 Summer,1992,Summer,Barcelona,Basketball,Basketball Men's Basketball,
1,A Lamusi,M,23.0,China,CHN,2012 Summer,2012,Summer,London,Judo,Judo Men's Extra-Lightweight,
2,Gunnar Nielsen Aaby,M,24.0,Denmark,DEN,1920 Summer,1920,Summer,Antwerpen,Football,Football Men's Football,
3,Edgar Lindenau Aabye,M,34.0,Denmark/Sweden,DEN,1900 Summer,1900,Summer,Paris,Tug-Of-War,Tug-Of-War Men's Tug-Of-War,Gold
[1;33m[2024-05-19 10:36:11,839 [31mINFO [32magent/135-MainProcess[1;33m] [0mRESPONSE: Thought: The 'Athletes_summer_games.csv' file contains a header with columns for athlete name, sex, age, team, NOC (National Olympic Committee), Games (which includes the year and season), Year, Season, City, Sport, Event, and Medal. The 'Games' column seems to contain information on the edition of the Summer Olympics. I will need to extract distinct values from the 'Year', 'Season', and 'City' columns to get the total number of Games held and detailed information for each edition. Before doing that, I should check the 'Athletes_winter_games.csv' file as well to ensure it has a similar structure.

Action: ExecuteCode(code="head -n 5 Athletes_winter_games.csv")
[1;33m[2024-05-19 10:36:11,840 [31mINFO [32mrun/137-MainProcess[1;33m] [0mStep 3: ExecuteCode(code='head -n 5 Athletes_winter_games.csv')
[1;33m[2024-05-19 10:36:11,896 [31mINFO [32magent/561-MainProcess[1;33m] [0mObservation: ,Name,Sex,Age,Team,NOC,Games,Year,Season,City,Sport,Event,Medal
4,Christine Jacoba Aaftink,F,21.0,Netherlands,NED,1988 Winter,1988,Winter,Calgary,Speed Skating,Speed Skating Women's 500 metres,
5,Christine Jacoba Aaftink,F,21.0,Netherlands,NED,1988 Winter,1988,Winter,Calgary,Speed Skating,"Speed Skating Women's 1,000 metres",
6,Christine Jacoba Aaftink,F,25.0,Netherlands,NED,1992 Winter,1992,Winter,Albertville,Speed Skating,Speed Skating Women's 500 metres,
7,Christine Jacoba Aaftink,F,25.0,Netherlands,NED,1992 Winter,1992,Winter,Albertville,Speed Skating,"Speed Skating Women's 1,000 metres",
[1;33m[2024-05-19 10:36:18,067 [31mINFO [32magent/135-MainProcess[1;33m] [0mRESPONSE: Thought: The 'Athletes_winter_games.csv' file has a similar structure to the 'Athletes_summer_games.csv' file, which means I can extract the same type of information (Year, Season, and City) to determine the details of each edition of the Winter Olympics. Now, to complete the task, I'll need to write a script or use command-line tools to process these two CSV files. The script should:
1. Read the contents of both CSV files.
2. Extract the 'Year', 'Season', and 'City' columns.
3. Determine the unique combinations of 'Year', 'Season', and 'City' to find out the total number of Games held.
4. Count the total number of events for each edition.
5. Save the compiled information into two CSV files: 'allGames.csv' and 'allEvents.csv'.

Before writing the script, I'll need to ensure there are command-line tools such as `awk`, `cut`, `sort`, `uniq`, and `csvtool` available or I may need to write a Python script. I will check for the presence of these tools first.

Action: ExecuteCode(code="which awk cut sort uniq csvtool")
[1;33m[2024-05-19 10:36:18,067 [31mINFO [32mrun/137-MainProcess[1;33m] [0mStep 4: ExecuteCode(code='which awk cut sort uniq csvtool')
[1;33m[2024-05-19 10:36:18,129 [31mINFO [32magent/561-MainProcess[1;33m] [0mObservation: /usr/bin/awk
/usr/bin/cut
/usr/bin/sort
/usr/bin/uniq
[1;33m[2024-05-19 10:36:25,272 [31mINFO [32magent/135-MainProcess[1;33m] [0mRESPONSE: Thought: The essential command-line tools `awk`, `cut`, `sort`, and `uniq` are available in the environment, but `csvtool` is not present. This is not a problem as I can use the available tools to process the data. My plan is to:
1. Use `cut` to extract the relevant columns ('Year', 'Season', 'City') from both CSV files.
2. Use `sort` and `uniq` to find the unique combinations and count them for 'allGames.csv'.
3. Use `awk` or a combination of other tools to count the number of events per edition for 'allEvents.csv'.

Since the files may be large, it's better to use stream processing instead of loading the entire file into memory, which these command-line tools are designed for. I'll start by processing the 'Athletes_summer_games.csv' file to extract the needed data for the 'allGames.csv'. I'll use `cut` to extract the 'Year', 'Season', and 'City' columns, then `sort` and `uniq` to count the unique combinations.

Action: ExecuteCode(code="cut -d',' -f7,8,9 Athletes_summer_games.csv | sort | uniq -c > summer_games_counts.txt")
[1;33m[2024-05-19 10:36:25,273 [31mINFO [32mrun/137-MainProcess[1;33m] [0mStep 5: ExecuteCode(code="cut -d',' -f7,8,9 Athletes_summer_games.csv | sort | uniq -c > summer_games_counts.txt")
[1;33m[2024-05-19 10:36:25,524 [31mINFO [32magent/561-MainProcess[1;33m] [0mObservation: code executed successfully.
[1;33m[2024-05-19 10:36:29,738 [31mINFO [32magent/135-MainProcess[1;33m] [0mRESPONSE: Thought: The 'summer_games_counts.txt' file should now contain the counts of each unique combination of Year, Season, and City for the Summer Olympics. The next step is to perform a similar operation on the 'Athletes_winter_games.csv' file to create a 'winter_games_counts.txt' file.

Action: ExecuteCode(code="cut -d',' -f7,8,9 Athletes_winter_games.csv | sort | uniq -c > winter_games_counts.txt")
[1;33m[2024-05-19 10:36:29,739 [31mINFO [32mrun/137-MainProcess[1;33m] [0mStep 6: ExecuteCode(code="cut -d',' -f7,8,9 Athletes_winter_games.csv | sort | uniq -c > winter_games_counts.txt")
[1;33m[2024-05-19 10:36:29,853 [31mINFO [32magent/561-MainProcess[1;33m] [0mObservation: code executed successfully.
[1;33m[2024-05-19 10:36:33,552 [31mINFO [32magent/135-MainProcess[1;33m] [0mRESPONSE: Thought: Now that I have the counts for both Summer and Winter Olympics in 'summer_games_counts.txt' and 'winter_games_counts.txt', I can combine these files to create 'allGames.csv' with the total number of games. But before I do that, I should inspect the contents of the generated files to make sure they contain the correct data.

I will start by examining the contents of 'summer_games_counts.txt' to ensure the data is formatted correctly.

Action: ExecuteCode(code="head -n 5 summer_games_counts.txt")
[1;33m[2024-05-19 10:36:33,553 [31mINFO [32mrun/137-MainProcess[1;33m] [0mStep 7: ExecuteCode(code='head -n 5 summer_games_counts.txt')
[1;33m[2024-05-19 10:36:33,617 [31mINFO [32magent/561-MainProcess[1;33m] [0mObservation: 1  Brooklyn",NOR,1904 Summer
      1  Chicago",USA,1904 Summer
      2  Hamburg",GER,1900 Summer
      1  Hamburg-2",GER,1900 Summer
      1  New York",USA,1904 Summer
[1;33m[2024-05-19 10:36:39,837 [31mINFO [32magent/135-MainProcess[1;33m] [0mRESPONSE: Thought: It seems that there may be some inconsistencies or errors in the data. The 'Games' column in the original CSV files included the year and season combined, which may have led to some cities being listed multiple times with slight variations (such as "Brooklyn" and "New York" both appearing for the 1904 Summer Olympics). Additionally, there are quotes in the city names that should not be there.

To resolve these issues, I need to perform data cleaning steps:
1. Remove leading and trailing spaces and quotes from the city names.
2. Ensure that the counts are based on unique occurrences of the combination of 'Year', 'Season', and 'City'.

After cleaning the data, I can then combine the results for both Summer and Winter Olympics and generate 'allGames.csv'.

Let's clean the data for the Summer Olympics first.

Action: ExecuteCode(code="awk -F',' '{gsub(/^ +| +$/,"", $2); gsub(/\"/,"", $3); print $2 \",\" $3}' summer_games_counts.txt | sort | uniq > cleaned_summer_games.txt")
[1;33m[2024-05-19 10:36:39,838 [31mINFO [32mrun/137-MainProcess[1;33m] [0mStep 8: ExecuteCode(code='awk -F\',\' \'{gsub(/^ +| +$/,"", $2); gsub(/\\"/,"", $3); print $2 \\",\\" $3}\' summer_games_counts.txt | sort | uniq > cleaned_summer_games.txt')
[1;33m[2024-05-19 10:36:39,902 [31mINFO [32magent/561-MainProcess[1;33m] [0mObservation: awk: 1: unexpected character '\'
awk: line 1: runaway string constant ",\" $3} ...
[1;33m[2024-05-19 10:36:44,881 [31mINFO [32magent/135-MainProcess[1;33m] [0mRESPONSE: Thought: The error indicates that there was a problem with the escape sequences in the AWK command. It seems I made a mistake with the string quotes. In AWK, strings should be enclosed in double quotes and variables should not be quoted. Additionally, to include a double quote inside a string in AWK, the syntax is `\"`. I need to correct the command and try again.

Let's rewrite the command to clean up the city names properly in 'summer_games_counts.txt'.

Action: ExecuteCode(code="awk -F',' '{gsub(/^ +| +$/,\"\", $2); gsub(/\"/,\"\", $3); print $2 \",\" $3}' summer_games_counts.txt | sort | uniq > cleaned_summer_games.txt")
[1;33m[2024-05-19 10:36:44,882 [31mINFO [32mrun/137-MainProcess[1;33m] [0mStep 9: ExecuteCode(code='awk -F\',\' \'{gsub(/^ +| +$/,\\"\\", $2); gsub(/\\"/,\\"\\", $3); print $2 \\",\\" $3}\' summer_games_counts.txt | sort | uniq > cleaned_summer_games.txt')
[1;33m[2024-05-19 10:36:44,950 [31mINFO [32magent/561-MainProcess[1;33m] [0mObservation: awk: 1: unexpected character '\'
awk: line 1: runaway string constant "\", $2); g ...
[1;33m[2024-05-19 10:36:48,748 [31mINFO [32magent/135-MainProcess[1;33m] [0mRESPONSE: Thought: There was another syntax error in the AWK command. The issue seems to be with the use of escape sequences and the field separator. I need to carefully rewrite the AWK command to properly clean up the city names and remove the quotes, ensuring the correct syntax is used. In addition, I should ensure that the print statement in AWK is using the correct concatenation for strings and variables. I will correct the command and try again.

Action: ExecuteCode(code="awk -F, '{gsub(/^ +| +$/,\"\", $2); gsub(/\"/,\"\", $3); print $2 \",\" $3}' summer_games_counts.txt | sort | uniq > cleaned_summer_games.txt")
[1;33m[2024-05-19 10:36:48,748 [31mINFO [32mrun/137-MainProcess[1;33m] [0mStep 10: ExecuteCode(code='awk -F, \'{gsub(/^ +| +$/,\\"\\", $2); gsub(/\\"/,\\"\\", $3); print $2 \\",\\" $3}\' summer_games_counts.txt | sort | uniq > cleaned_summer_games.txt')
[1;33m[2024-05-19 10:36:48,822 [31mINFO [32magent/561-MainProcess[1;33m] [0mObservation: awk: 1: unexpected character '\'
awk: line 1: runaway string constant "\", $2); g ...
[1;33m[2024-05-19 10:36:53,628 [31mINFO [32magent/135-MainProcess[1;33m] [0mRESPONSE: Thought: The issue with the AWK command persists, indicating an incorrect handling of quotes and string concatenation. To correctly clean the data, I need to ensure that I'm using AWK's syntax properly. The field separator (-F flag) should be properly defined, and the string concatenation within the print statement must use AWK's syntax without unnecessary escaping of quotes.

I will now try a different approach to the AWK command without escaping the double quotes inside the gsub function, as escaping is not required there.

Action: ExecuteCode(code="awk -F, '{ gsub(/^ +| +$|\"/, \"\", $2); gsub(/^ +| +$|\"/, \"\", $3); print $2 \",\" $3 }' summer_games_counts.txt | sort | uniq > cleaned_summer_games.txt")
[1;33m[2024-05-19 10:36:53,628 [31mINFO [32mrun/137-MainProcess[1;33m] [0mStep 11: ExecuteCode(code='awk -F, \'{ gsub(/^ +| +$|\\"/, \\"\\", $2); gsub(/^ +| +$|\\"/, \\"\\", $3); print $2 \\",\\" $3 }\' summer_games_counts.txt | sort | uniq > cleaned_summer_games.txt')
[1;33m[2024-05-19 10:36:53,706 [31mINFO [32magent/561-MainProcess[1;33m] [0mObservation: awk: 1: unexpected character '\'
awk: line 1: runaway string constant "\", $2); g ...
[1;33m[2024-05-19 10:37:00,745 [31mINFO [32magent/135-MainProcess[1;33m] [0mRESPONSE: Thought: The command is still incorrect due to issues with string manipulation within AWK. It seems that the environment is having difficulty interpreting the escape characters and quotes. I will simplify the command by avoiding the use of both single and double quotes within the gsub function and the print statement. Additionally, I'll ensure that the comma used as a separator in the print statement is correctly handled by enclosing it in quotes outside the variable concatenation.

I will revise the AWK command accordingly and execute it again.

Action: ExecuteCode(code="awk -F, '{ gsub(/^ +| +$|\\"/, \"\", $2); gsub(/^ +| +$|\\"/, \"\", $3); print $2 \",\" $3 }' summer_games_counts.txt | sort | uniq > cleaned_summer_games.txt")
[1;33m[2024-05-19 10:37:00,745 [31mINFO [32mrun/137-MainProcess[1;33m] [0mStep 12: ExecuteCode(code='awk -F, \'{ gsub(/^ +| +$|\\\\"/, \\"\\", $2); gsub(/^ +| +$|\\\\"/, \\"\\", $3); print $2 \\",\\" $3 }\' summer_games_counts.txt | sort | uniq > cleaned_summer_games.txt')
[1;33m[2024-05-19 10:37:00,826 [31mINFO [32magent/561-MainProcess[1;33m] [0mObservation: awk: 1: unexpected character '\'
awk: 1: unexpected character '\'
awk: line 1: syntax error at or near ,
awk: line 1: runaway string constant "\", $3); p ...
[1;33m[2024-05-19 10:37:06,227 [31mINFO [32magent/135-MainProcess[1;33m] [0mRESPONSE: Thought: The attempts to run a complex AWK command within this interactive environment are proving problematic due to difficulties with escaping characters and interpreting quotes correctly. Instead of continuing to attempt to fix the AWK command, I will switch to a simpler strategy that is less error-prone within this environment. I will use a sed command to clean the quotes from the city names and then a cut command to extract the relevant columns. After that, I will sort and remove duplicates using sort and uniq. This multi-step process should achieve the same result without the complexities of using AWK with complex escaping.

Action: ExecuteCode(code="sed 's/\"//g' summer_games_counts.txt | sed 's/^ *//;s/ *$//' | cut -d',' -f2,3 | sort | uniq > cleaned_summer_games.txt")
[1;33m[2024-05-19 10:37:06,227 [31mINFO [32mrun/137-MainProcess[1;33m] [0mStep 13: ExecuteCode(code='sed \'s/\\"//g\' summer_games_counts.txt | sed \'s/^ *//;s/ *$//\' | cut -d\',\' -f2,3 | sort | uniq > cleaned_summer_games.txt')
[1;33m[2024-05-19 10:37:06,295 [31mINFO [32magent/561-MainProcess[1;33m] [0mObservation: code executed successfully.
