[1;33m[2024-05-29 13:20:45,233 [31mINFO [32mrun/89-MainProcess[1;33m] [0mArgs: Namespace(max_steps=2, max_memory_length=15, suffix='', test_config_base_dir='evaluation_examples', model='azure', temperature=1.0, top_p=0.9, max_tokens=1500, stop_token=None, domain='all', test_all_meta_path='evaluation_examples/test_all.json', output_dir='./benchmark/output', skip_existing=False)
[1;33m[2024-05-29 13:20:45,236 [31mINFO [32mrun/126-MainProcess[1;33m] [0mRemoved existing ./benchmark/output/azure-kaggle067
[1;33m[2024-05-29 13:20:45,236 [31mINFO [32mspider2/102-MainProcess[1;33m] [0mInitializing...
[1;33m[2024-05-29 13:20:57,788 [31mINFO [32mspider2/216-MainProcess[1;33m] [0mConnected to container[name=spider2, id=e21371b4ac116bc6db77ab1ad9c7bc1ee66aa22abb073d508fce20719de26bad] from image dabench-image ...
[1;33m[2024-05-29 13:20:57,789 [31mINFO [32mspider2/108-MainProcess[1;33m] [0mSetting up environment...
[1;33m[2024-05-29 13:20:57,790 [31mINFO [32msetup/56-MainProcess[1;33m] [0mSETUP: copy_all_subfiles_setup({'dirs': ['./benchmark/source/kaggle067/']})
[1;33m[2024-05-29 13:20:59,793 [31mINFO [32mspider2/112-MainProcess[1;33m] [0mEnvironment setup complete.
[1;33m[2024-05-29 13:20:59,793 [31mINFO [32mrun/138-MainProcess[1;33m] [0mTask input:I have a dataset about earthquake-affected building damages. The dataset information can be found in the README.md file. Please help me predict the damage status of the buildings listed in the incomplete.csv file. Save the results to a file named prediction.csv with the following column names: building_id, damage_grade.
[1;33m[2024-05-29 13:21:08,514 [31mINFO [32magent/142-MainProcess[1;33m] [0mRESPONSE: Thought: To understand the dataset and the prediction task at hand, I need to read the contents of the README.md file. This will give me details about the dataset, the structure of the data, and potentially the methodology that I should follow to predict the damage status of the buildings.

Action: ExecuteCode(code="cat README.md")
[1;33m[2024-05-29 13:21:08,515 [31mINFO [32magent/191-MainProcess[1;33m] [0mStep 1: ExecuteCode(code='cat README.md')
[1;33m[2024-05-29 13:21:08,580 [31mINFO [32magent/605-MainProcess[1;33m] [0mObservation: We're trying to predict the ordinal variable damage_grade, which represents a level of damage to the building that was hit by the earthquake. There are 3 grades of the damage:

1 represents low damage
2 represents a medium amount of damage
3 represents almost complete destruction

The dataset mainly consists of information on the buildings' structure and their legal ownership. Each row in the dataset represents a specific building in the region that was hit by Gorkha earthquake.

There are 39 columns in this dataset, where the building_id column is a unique and random identifier. The remaining 38 features are described in the section below. Categorical variables have been obfuscated random lowercase ascii characters. The appearance of the same character in distinct columns does not imply the same original value.

Description

geo_level_1_id, geo_level_2_id, geo_level_3_id (type: int): geographic region in which building exists, from largest (level 1) to most specific sub-region (level 3). Possible values: level 1: 0-30, level 2: 0-1427, level 3: 0-12567.
count_floors_pre_eq (type: int): number of floors in the building before the earthquake.
age (type: int): age of the building in years.
area_percentage (type: int): normalized area of the building footprint.
height_percentage (type: int): normalized height of the building footprint.
land_surface_condition (type: categorical): surface condition of the land where the building was built. Possible values: n, o, t.
foundation_type (type: categorical): type of foundation used while building. Possible values: h, i, r, u, w.
roof_type (type: categorical): type of roof used while building. Possible values: n, q, x.
ground_floor_type (type: categorical): type of the ground floor. Possible values: f, m, v, x, z.
other_floor_type (type: categorical): type of constructions used in higher than the ground floors (except of roof). Possible values: j, q, s, x.
position (type: categorical): position of the building. Possible values: j, o, s, t.
plan_configuration (type: categorical): building plan configuration. Possible values: a, c, d, f, m, n, o, q, s, u.
has_superstructure_adobe_mud (type: binary): flag variable that indicates if the superstructure was made of Adobe/Mud.
has_superstructure_mud_mortar_stone (type: binary): flag variable that indicates if the superstructure was made of Mud Mortar - Stone.
has_superstructure_stone_flag (type: binary): flag variable that indicates if the superstructure was made of Stone.
has_superstructure_cement_mortar_stone (type: binary): flag variable that indicates if the superstructure was made of Cement Mortar - Stone.
has_superstructure_mud_mortar_brick (type: binary): flag variable that indicates if the superstructure was made of Mud Mortar - Brick.
has_superstructure_cement_mortar_brick (type: binary): flag variable that indicates if the superstructure was made of Cement Mortar - Brick.
has_superstructure_timber (type: binary): flag variable that indicates if the superstructure was made of Timber.
has_superstructure_bamboo (type: binary): flag variable that indicates if the superstructure was made of Bamboo.
has_superstructure_rc_non_engineered (type: binary): flag variable that indicates if the superstructure was made of non-engineered reinforced concrete.
has_superstructure_rc_engineered (type: binary): flag variable that indicates if the superstructure was made of engineered reinforced concrete.
has_superstructure_other (type: binary): flag variable that indicates if the superstructure was made of any other material.
legal_ownership_status (type: categorical): legal ownership status of the land where building was built. Possible values: a, r, v, w.
count_families (type: int): number of families that live in the building.
has_secondary_use (type: binary): flag variable that indicates if the building was used for any secondary purpose.
has_secondary_use_agriculture (type: binary): flag variable that indicates if the building was used for agricultural purposes.
has_secondary_use_hotel (type: binary): flag variable that indicates if the building was used as a hotel.
has_secondary_use_rental (type: binary): flag variable that indicates if the building was used for rental purposes.
has_secondary_use_institution (type: binary): flag variable that indicates if the building was used as a location of any institution.
has_secondary_use_school (type: binary): flag variable that indicates if the building was used as a school.
has_secondary_use_industry (type: binary): flag variable that indicates if the building was used for industrial purposes.
has_secondary_use_health_post (type: binary): flag variable that indicates if the building was used as a health post.
has_secondary_use_gov_office (type: binary): flag variable that indicates if the building was used fas a government office.
has_secondary_use_use_police (type: binary): flag variable that indicates if the building was used as a police station.
has_secondary_use_other (type: binary): flag variable that indicates if the building was secondarily used for other purposes.
[1;33m[2024-05-29 13:21:18,285 [31mINFO [32magent/142-MainProcess[1;33m] [0mRESPONSE: Thought: The README.md file provides a comprehensive overview of the dataset's structure, including the description of the 39 columns. It appears that the dataset contains both categorical and numerical data. The target variable for prediction is `damage_grade`, which is ordinal and has three possible values: 1, 2, or 3. 

To proceed, I need to check the contents of the `incomplete.csv` file to understand the data that needs to be predicted. After reviewing the `incomplete.csv` file, I will need to prepare a suitable model for prediction. As I am operating in a text-based environment, I would likely have to implement a machine learning model using command-line tools or write a script to perform the prediction. The specific approach will depend on the data's characteristics and the available tools.

Action: ExecuteCode(code="cat incomplete.csv")
[1;33m[2024-05-29 13:21:18,285 [31mINFO [32magent/191-MainProcess[1;33m] [0mStep 2: ExecuteCode(code='cat incomplete.csv')
[1;33m[2024-05-29 13:21:18,339 [31mINFO [32magent/605-MainProcess[1;33m] [0mObservation: cat: incomplete.csv: No such file or directory
